#-----------------------------------------------------------
# Vivado v2015.4 (64-bit)
# SW Build 1412921 on Wed Nov 18 09:44:32 MST 2015
# IP Build 1412160 on Tue Nov 17 13:47:24 MST 2015
# Start of session at: Thu Nov 29 14:57:41 2018
# Process ID: 25497
# Current directory: /home/kristbp2/cs296-33fa18-secret
# Command line: vivado
# Log file: /home/kristbp2/cs296-33fa18-secret/vivado.log
# Journal file: /home/kristbp2/cs296-33fa18-secret/vivado.jou
#-----------------------------------------------------------
start_gui
open_project {/home/kristbp2/cs296-33fa18-secret/Our project/Our project.xpr}
Scanning sources...
Finished scanning sources
WARNING: [filemgmt 56-3] IPUserFilesDir: Could not find the directory '/home/kristbp2/cs296-33fa18-secret/Our project/Our project.ip_user_files'.
WARNING: [filemgmt 56-3] IPStaticSourceDir: Could not find the directory '/home/kristbp2/cs296-33fa18-secret/Our project/Our project.ip_user_files/ipstatic'.
INFO: [IP_Flow 19-234] Refreshing IP repositories
INFO: [IP_Flow 19-1704] No user IP repositories specified
INFO: [IP_Flow 19-2313] Loaded Vivado IP repository '/software/xilinx-2015/Vivado/2015.4/data/ip'.
open_project: Time (s): cpu = 00:00:10 ; elapsed = 00:00:12 . Memory (MB): peak = 5871.375 ; gain = 104.383 ; free physical = 3912 ; free virtual = 9625
create_ip -name dist_mem_gen -vendor xilinx.com -library ip -version 8.0 -module_name dist_mem_gen_0
set_property -dict [list CONFIG.depth {32} CONFIG.data_width {10} CONFIG.memory_type {dual_port_ram} CONFIG.input_options {registered} CONFIG.dual_port_address {non_registered} CONFIG.output_options {non_registered}] [get_ips dist_mem_gen_0]
generate_target {instantiation_template} [get_files {{/home/kristbp2/cs296-33fa18-secret/Our project/Our project.srcs/sources_1/ip/dist_mem_gen_0/dist_mem_gen_0.xci}}]
INFO: [IP_Flow 19-1686] Generating 'Instantiation Template' target for IP 'dist_mem_gen_0'...
generate_target all [get_files  {{/home/kristbp2/cs296-33fa18-secret/Our project/Our project.srcs/sources_1/ip/dist_mem_gen_0/dist_mem_gen_0.xci}}]
INFO: [IP_Flow 19-1686] Generating 'Synthesis' target for IP 'dist_mem_gen_0'...
INFO: [IP_Flow 19-1686] Generating 'Simulation' target for IP 'dist_mem_gen_0'...
INFO: [IP_Flow 19-1686] Generating 'Change Log' target for IP 'dist_mem_gen_0'...
export_ip_user_files -of_objects [get_files {{/home/kristbp2/cs296-33fa18-secret/Our project/Our project.srcs/sources_1/ip/dist_mem_gen_0/dist_mem_gen_0.xci}}] -no_script -force -quiet
create_ip_run [get_files -of_objects [get_fileset sources_1] {{/home/kristbp2/cs296-33fa18-secret/Our project/Our project.srcs/sources_1/ip/dist_mem_gen_0/dist_mem_gen_0.xci}}]
launch_run -jobs 2 dist_mem_gen_0_synth_1
[Thu Nov 29 15:46:15 2018] Launched dist_mem_gen_0_synth_1...
Run output will be captured here: /home/kristbp2/cs296-33fa18-secret/Our project/Our project.runs/dist_mem_gen_0_synth_1/runme.log
INFO: [Vivado 12-4357] Exporting simulation files for 'dist_mem_gen_0'... please wait for 'dist_mem_gen_0_synth_1' run to finish...
wait_on_run dist_mem_gen_0_synth_1
[Thu Nov 29 15:46:15 2018] Waiting for dist_mem_gen_0_synth_1 to finish...
[Thu Nov 29 15:46:22 2018] Waiting for dist_mem_gen_0_synth_1 to finish...
[Thu Nov 29 15:46:27 2018] Waiting for dist_mem_gen_0_synth_1 to finish...
[Thu Nov 29 15:46:32 2018] Waiting for dist_mem_gen_0_synth_1 to finish...
[Thu Nov 29 15:46:42 2018] Waiting for dist_mem_gen_0_synth_1 to finish...
[Thu Nov 29 15:46:52 2018] Waiting for dist_mem_gen_0_synth_1 to finish...
[Thu Nov 29 15:46:52 2018] dist_mem_gen_0_synth_1 finished
wait_on_run: Time (s): cpu = 00:00:01 ; elapsed = 00:00:37 . Memory (MB): peak = 6006.762 ; gain = 0.000 ; free physical = 3726 ; free virtual = 9540
export_simulation -of_objects [get_files {{/home/kristbp2/cs296-33fa18-secret/Our project/Our project.srcs/sources_1/ip/dist_mem_gen_0/dist_mem_gen_0.xci}}] -directory {/home/kristbp2/cs296-33fa18-secret/Our project/Our project.ip_user_files/sim_scripts} -force -quiet
remove_files -fileset dist_mem_gen_0 {{/home/kristbp2/cs296-33fa18-secret/Our project/Our project.srcs/sources_1/ip/dist_mem_gen_0/dist_mem_gen_0.xci}}
INFO: [Project 1-386] Moving file '/home/kristbp2/cs296-33fa18-secret/Our project/Our project.srcs/sources_1/ip/dist_mem_gen_0/dist_mem_gen_0.xci' from fileset 'dist_mem_gen_0' to fileset 'sources_1'.
file delete -force {/home/kristbp2/cs296-33fa18-secret/Our project/Our project.srcs/sources_1/ip/dist_mem_gen_0}
file delete -force {/home/kristbp2/cs296-33fa18-secret/Our project/Our project.ip_user_files/ip/dist_mem_gen_0} {/home/kristbp2/cs296-33fa18-secret/Our project/Our project.ip_user_files/sim_scripts/dist_mem_gen_0}
exit
INFO: [Common 17-206] Exiting Vivado at Thu Nov 29 15:56:31 2018...
