#-----------------------------------------------------------
# Vivado v2015.4 (64-bit)
# SW Build 1412921 on Wed Nov 18 09:44:32 MST 2015
# IP Build 1412160 on Tue Nov 17 13:47:24 MST 2015
# Start of session at: Thu Nov 29 16:33:17 2018
# Process ID: 41935
# Current directory: /home/kristbp2/cs296-33fa18-secret
# Command line: vivado
# Log file: /home/kristbp2/cs296-33fa18-secret/vivado.log
# Journal file: /home/kristbp2/cs296-33fa18-secret/vivado.jou
#-----------------------------------------------------------
start_gui
open_project {/home/kristbp2/cs296-33fa18-secret/Our project/Our project.xpr}
CRITICAL WARNING: [Project 1-19] Could not find the file '/home/kristbp2/jzw2/FPGALab0/src/Basys3_Master.xdc'.
Scanning sources...
Finished scanning sources
WARNING: [filemgmt 56-3] IP Repository Path: Could not find the directory '/home/Documents/vivado-library'.
INFO: [IP_Flow 19-234] Refreshing IP repositories
WARNING: [IP_Flow 19-2248] Failed to load user IP repository '/home/Documents/vivado-library'; Can't find the specified path.
If this directory should no longer be in your list of user repositories, go to the IP Settings dialog and remove it.
INFO: [IP_Flow 19-2313] Loaded Vivado IP repository '/software/xilinx-2015/Vivado/2015.4/data/ip'.
WARNING: [IP_Flow 19-4067] Ignoring invalid widget type specified checkbox.Providing a default widget
WARNING: [IP_Flow 19-4067] Ignoring invalid widget type specified checkbox.Providing a default widget
WARNING: [IP_Flow 19-4067] Ignoring invalid widget type specified checkbox.Providing a default widget
WARNING: [IP_Flow 19-4067] Ignoring invalid widget type specified checkbox.Providing a default widget
WARNING: [IP_Flow 19-4067] Ignoring invalid widget type specified checkbox.Providing a default widget
WARNING: [IP_Flow 19-4067] Ignoring invalid widget type specified checkbox.Providing a default widget
WARNING: [IP_Flow 19-4067] Ignoring invalid widget type specified checkbox.Providing a default widget
WARNING: [IP_Flow 19-4067] Ignoring invalid widget type specified checkbox.Providing a default widget
create_ip -name blk_mem_gen -vendor xilinx.com -library ip -version 8.3 -module_name blk_mem_gen_0
set_property -dict [list CONFIG.Memory_Type {Dual_Port_ROM} CONFIG.Write_Width_A {12} CONFIG.Write_Depth_A {23} CONFIG.Load_Init_File {true} CONFIG.Coe_File {/home/kristbp2/cs296-33fa18-secret/wave_data_gen/sine_waveform_offsets.coe} CONFIG.Read_Width_A {12} CONFIG.Write_Width_B {12} CONFIG.Read_Width_B {12} CONFIG.Enable_B {Use_ENB_Pin} CONFIG.Register_PortB_Output_of_Memory_Primitives {true} CONFIG.Port_A_Write_Rate {0} CONFIG.Port_B_Clock {100} CONFIG.Port_B_Write_Rate {0} CONFIG.Port_B_Enable_Rate {100}] [get_ips blk_mem_gen_0]
INFO: [IP_Flow 19-3484] Absolute path of file '/home/kristbp2/cs296-33fa18-secret/wave_data_gen/sine_waveform_offsets.coe' provided. It will be converted relative to IP Instance files '../../../../../wave_data_gen/sine_waveform_offsets.coe'
generate_target {instantiation_template} [get_files {{/home/kristbp2/cs296-33fa18-secret/Our project/Our project.srcs/sources_1/ip/blk_mem_gen_0/blk_mem_gen_0.xci}}]
INFO: [IP_Flow 19-1686] Generating 'Instantiation Template' target for IP 'blk_mem_gen_0'...
update_compile_order -fileset sources_1
generate_target all [get_files  {{/home/kristbp2/cs296-33fa18-secret/Our project/Our project.srcs/sources_1/ip/blk_mem_gen_0/blk_mem_gen_0.xci}}]
INFO: [IP_Flow 19-1686] Generating 'Synthesis' target for IP 'blk_mem_gen_0'...
INFO: [IP_Flow 19-1686] Generating 'Simulation' target for IP 'blk_mem_gen_0'...
INFO: [IP_Flow 19-1686] Generating 'Miscellaneous' target for IP 'blk_mem_gen_0'...
INFO: [IP_Flow 19-1686] Generating 'Change Log' target for IP 'blk_mem_gen_0'...
export_ip_user_files -of_objects [get_files {{/home/kristbp2/cs296-33fa18-secret/Our project/Our project.srcs/sources_1/ip/blk_mem_gen_0/blk_mem_gen_0.xci}}] -no_script -force -quiet
create_ip_run [get_files -of_objects [get_fileset sources_1] {{/home/kristbp2/cs296-33fa18-secret/Our project/Our project.srcs/sources_1/ip/blk_mem_gen_0/blk_mem_gen_0.xci}}]
launch_run -jobs 2 blk_mem_gen_0_synth_1
[Thu Nov 29 17:01:55 2018] Launched blk_mem_gen_0_synth_1...
Run output will be captured here: /home/kristbp2/cs296-33fa18-secret/Our project/Our project.runs/blk_mem_gen_0_synth_1/runme.log
INFO: [Vivado 12-4357] Exporting simulation files for 'blk_mem_gen_0'... please wait for 'blk_mem_gen_0_synth_1' run to finish...
wait_on_run blk_mem_gen_0_synth_1
[Thu Nov 29 17:01:55 2018] Waiting for blk_mem_gen_0_synth_1 to finish...
[Thu Nov 29 17:02:02 2018] Waiting for blk_mem_gen_0_synth_1 to finish...
[Thu Nov 29 17:02:07 2018] Waiting for blk_mem_gen_0_synth_1 to finish...
[Thu Nov 29 17:02:12 2018] Waiting for blk_mem_gen_0_synth_1 to finish...
[Thu Nov 29 17:02:22 2018] Waiting for blk_mem_gen_0_synth_1 to finish...
[Thu Nov 29 17:02:32 2018] Waiting for blk_mem_gen_0_synth_1 to finish...
[Thu Nov 29 17:02:42 2018] Waiting for blk_mem_gen_0_synth_1 to finish...
[Thu Nov 29 17:02:52 2018] Waiting for blk_mem_gen_0_synth_1 to finish...
[Thu Nov 29 17:03:12 2018] Waiting for blk_mem_gen_0_synth_1 to finish...
[Thu Nov 29 17:03:32 2018] Waiting for blk_mem_gen_0_synth_1 to finish...
[Thu Nov 29 17:03:37 2018] blk_mem_gen_0_synth_1 finished
wait_on_run: Time (s): cpu = 00:00:02 ; elapsed = 00:01:42 . Memory (MB): peak = 6044.000 ; gain = 0.000 ; free physical = 3301 ; free virtual = 9292
export_simulation -of_objects [get_files {{/home/kristbp2/cs296-33fa18-secret/Our project/Our project.srcs/sources_1/ip/blk_mem_gen_0/blk_mem_gen_0.xci}}] -directory {/home/kristbp2/cs296-33fa18-secret/Our project/Our project.ip_user_files/sim_scripts} -force -quiet
exit
INFO: [Common 17-206] Exiting Vivado at Thu Nov 29 17:05:20 2018...
