#-----------------------------------------------------------
# Vivado v2015.4 (64-bit)
# SW Build 1412921 on Wed Nov 18 09:44:32 MST 2015
# IP Build 1412160 on Tue Nov 17 13:47:24 MST 2015
# Start of session at: Wed Dec  5 15:34:28 2018
# Process ID: 1299409
# Current directory: /home/kristbp2/cs296-33fa18-secret
# Command line: vivado
# Log file: /home/kristbp2/cs296-33fa18-secret/vivado.log
# Journal file: /home/kristbp2/cs296-33fa18-secret/vivado.jou
#-----------------------------------------------------------
start_gui
WARNING: [Board 49-26] cannot add Board Part digilentinc.com:genesys2:part0:1.1 available at /software/xilinx-2015/Vivado/2015.4/data/boards/board_files/genesys2/H/board.xml as part xc7k325tffg900-2 specified in board_part file is either invalid or not available
WARNING: [Board 49-26] cannot add Board Part digilentinc.com:genesys2:part0:1.1 available at /software/xilinx-2015/Vivado/2015.4/data/boards/board_files/genesys2/H/board.xml as part xc7k325tffg900-2 specified in board_part file is either invalid or not available
WARNING: [Board 49-26] cannot add Board Part digilentinc.com:genesys2:part0:1.1 available at /software/xilinx-2015/Vivado/2015.4/data/boards/board_files/genesys2/H/board.xml as part xc7k325tffg900-2 specified in board_part file is either invalid or not available
WARNING: [Board 49-26] cannot add Board Part digilentinc.com:genesys2:part0:1.1 available at /software/xilinx-2015/Vivado/2015.4/data/boards/board_files/genesys2/H/board.xml as part xc7k325tffg900-2 specified in board_part file is either invalid or not available
WARNING: [Board 49-26] cannot add Board Part digilentinc.com:genesys2:part0:1.1 available at /software/xilinx-2015/Vivado/2015.4/data/boards/board_files/genesys2/H/board.xml as part xc7k325tffg900-2 specified in board_part file is either invalid or not available
WARNING: [Board 49-26] cannot add Board Part digilentinc.com:genesys2:part0:1.1 available at /software/xilinx-2015/Vivado/2015.4/data/boards/board_files/genesys2/H/board.xml as part xc7k325tffg900-2 specified in board_part file is either invalid or not available
WARNING: [Board 49-26] cannot add Board Part digilentinc.com:genesys2:part0:1.1 available at /software/xilinx-2015/Vivado/2015.4/data/boards/board_files/genesys2/H/board.xml as part xc7k325tffg900-2 specified in board_part file is either invalid or not available
WARNING: [Board 49-26] cannot add Board Part digilentinc.com:genesys2:part0:1.1 available at /software/xilinx-2015/Vivado/2015.4/data/boards/board_files/genesys2/H/board.xml as part xc7k325tffg900-2 specified in board_part file is either invalid or not available
WARNING: [Board 49-26] cannot add Board Part digilentinc.com:genesys2:part0:1.1 available at /software/xilinx-2015/Vivado/2015.4/data/boards/board_files/genesys2/H/board.xml as part xc7k325tffg900-2 specified in board_part file is either invalid or not available
WARNING: [Board 49-26] cannot add Board Part digilentinc.com:genesys2:part0:1.1 available at /software/xilinx-2015/Vivado/2015.4/data/boards/board_files/genesys2/H/board.xml as part xc7k325tffg900-2 specified in board_part file is either invalid or not available
WARNING: [Board 49-26] cannot add Board Part digilentinc.com:genesys2:part0:1.1 available at /software/xilinx-2015/Vivado/2015.4/data/boards/board_files/genesys2/H/board.xml as part xc7k325tffg900-2 specified in board_part file is either invalid or not available
WARNING: [Board 49-26] cannot add Board Part digilentinc.com:genesys2:part0:1.1 available at /software/xilinx-2015/Vivado/2015.4/data/boards/board_files/genesys2/H/board.xml as part xc7k325tffg900-2 specified in board_part file is either invalid or not available
WARNING: [Board 49-26] cannot add Board Part digilentinc.com:genesys2:part0:1.1 available at /software/xilinx-2015/Vivado/2015.4/data/boards/board_files/genesys2/H/board.xml as part xc7k325tffg900-2 specified in board_part file is either invalid or not available
WARNING: [Board 49-26] cannot add Board Part digilentinc.com:genesys2:part0:1.1 available at /software/xilinx-2015/Vivado/2015.4/data/boards/board_files/genesys2/H/board.xml as part xc7k325tffg900-2 specified in board_part file is either invalid or not available
WARNING: [Board 49-26] cannot add Board Part digilentinc.com:genesys2:part0:1.1 available at /software/xilinx-2015/Vivado/2015.4/data/boards/board_files/genesys2/H/board.xml as part xc7k325tffg900-2 specified in board_part file is either invalid or not available
WARNING: [Board 49-26] cannot add Board Part digilentinc.com:genesys2:part0:1.1 available at /software/xilinx-2015/Vivado/2015.4/data/boards/board_files/genesys2/H/board.xml as part xc7k325tffg900-2 specified in board_part file is either invalid or not available
WARNING: [Board 49-26] cannot add Board Part digilentinc.com:genesys2:part0:1.1 available at /software/xilinx-2015/Vivado/2015.4/data/boards/board_files/genesys2/H/board.xml as part xc7k325tffg900-2 specified in board_part file is either invalid or not available
WARNING: [Board 49-26] cannot add Board Part digilentinc.com:genesys2:part0:1.1 available at /software/xilinx-2015/Vivado/2015.4/data/boards/board_files/genesys2/H/board.xml as part xc7k325tffg900-2 specified in board_part file is either invalid or not available
WARNING: [Board 49-26] cannot add Board Part digilentinc.com:genesys2:part0:1.1 available at /software/xilinx-2015/Vivado/2015.4/data/boards/board_files/genesys2/H/board.xml as part xc7k325tffg900-2 specified in board_part file is either invalid or not available
WARNING: [Board 49-26] cannot add Board Part digilentinc.com:genesys2:part0:1.1 available at /software/xilinx-2015/Vivado/2015.4/data/boards/board_files/genesys2/H/board.xml as part xc7k325tffg900-2 specified in board_part file is either invalid or not available
WARNING: [Board 49-26] cannot add Board Part digilentinc.com:genesys2:part0:1.1 available at /software/xilinx-2015/Vivado/2015.4/data/boards/board_files/genesys2/H/board.xml as part xc7k325tffg900-2 specified in board_part file is either invalid or not available
WARNING: [Board 49-26] cannot add Board Part digilentinc.com:genesys2:part0:1.1 available at /software/xilinx-2015/Vivado/2015.4/data/boards/board_files/genesys2/H/board.xml as part xc7k325tffg900-2 specified in board_part file is either invalid or not available
WARNING: [Board 49-26] cannot add Board Part digilentinc.com:genesys2:part0:1.1 available at /software/xilinx-2015/Vivado/2015.4/data/boards/board_files/genesys2/H/board.xml as part xc7k325tffg900-2 specified in board_part file is either invalid or not available
WARNING: [Board 49-26] cannot add Board Part digilentinc.com:genesys2:part0:1.1 available at /software/xilinx-2015/Vivado/2015.4/data/boards/board_files/genesys2/H/board.xml as part xc7k325tffg900-2 specified in board_part file is either invalid or not available
WARNING: [Board 49-26] cannot add Board Part digilentinc.com:genesys2:part0:1.1 available at /software/xilinx-2015/Vivado/2015.4/data/boards/board_files/genesys2/H/board.xml as part xc7k325tffg900-2 specified in board_part file is either invalid or not available
WARNING: [Board 49-26] cannot add Board Part digilentinc.com:genesys2:part0:1.1 available at /software/xilinx-2015/Vivado/2015.4/data/boards/board_files/genesys2/H/board.xml as part xc7k325tffg900-2 specified in board_part file is either invalid or not available
WARNING: [Board 49-26] cannot add Board Part digilentinc.com:genesys2:part0:1.1 available at /software/xilinx-2015/Vivado/2015.4/data/boards/board_files/genesys2/H/board.xml as part xc7k325tffg900-2 specified in board_part file is either invalid or not available
WARNING: [Board 49-26] cannot add Board Part digilentinc.com:genesys2:part0:1.1 available at /software/xilinx-2015/Vivado/2015.4/data/boards/board_files/genesys2/H/board.xml as part xc7k325tffg900-2 specified in board_part file is either invalid or not available
WARNING: [Board 49-26] cannot add Board Part digilentinc.com:genesys2:part0:1.1 available at /software/xilinx-2015/Vivado/2015.4/data/boards/board_files/genesys2/H/board.xml as part xc7k325tffg900-2 specified in board_part file is either invalid or not available
WARNING: [Board 49-26] cannot add Board Part digilentinc.com:genesys2:part0:1.1 available at /software/xilinx-2015/Vivado/2015.4/data/boards/board_files/genesys2/H/board.xml as part xc7k325tffg900-2 specified in board_part file is either invalid or not available
WARNING: [Board 49-26] cannot add Board Part digilentinc.com:genesys2:part0:1.1 available at /software/xilinx-2015/Vivado/2015.4/data/boards/board_files/genesys2/H/board.xml as part xc7k325tffg900-2 specified in board_part file is either invalid or not available
WARNING: [Board 49-26] cannot add Board Part digilentinc.com:genesys2:part0:1.1 available at /software/xilinx-2015/Vivado/2015.4/data/boards/board_files/genesys2/H/board.xml as part xc7k325tffg900-2 specified in board_part file is either invalid or not available
WARNING: [Board 49-26] cannot add Board Part digilentinc.com:genesys2:part0:1.1 available at /software/xilinx-2015/Vivado/2015.4/data/boards/board_files/genesys2/H/board.xml as part xc7k325tffg900-2 specified in board_part file is either invalid or not available
WARNING: [Board 49-26] cannot add Board Part digilentinc.com:genesys2:part0:1.1 available at /software/xilinx-2015/Vivado/2015.4/data/boards/board_files/genesys2/H/board.xml as part xc7k325tffg900-2 specified in board_part file is either invalid or not available
WARNING: [Board 49-26] cannot add Board Part digilentinc.com:genesys2:part0:1.1 available at /software/xilinx-2015/Vivado/2015.4/data/boards/board_files/genesys2/H/board.xml as part xc7k325tffg900-2 specified in board_part file is either invalid or not available
WARNING: [Board 49-26] cannot add Board Part digilentinc.com:genesys2:part0:1.1 available at /software/xilinx-2015/Vivado/2015.4/data/boards/board_files/genesys2/H/board.xml as part xc7k325tffg900-2 specified in board_part file is either invalid or not available
WARNING: [Board 49-26] cannot add Board Part digilentinc.com:genesys2:part0:1.1 available at /software/xilinx-2015/Vivado/2015.4/data/boards/board_files/genesys2/H/board.xml as part xc7k325tffg900-2 specified in board_part file is either invalid or not available
WARNING: [Board 49-26] cannot add Board Part digilentinc.com:genesys2:part0:1.1 available at /software/xilinx-2015/Vivado/2015.4/data/boards/board_files/genesys2/H/board.xml as part xc7k325tffg900-2 specified in board_part file is either invalid or not available
WARNING: [Board 49-26] cannot add Board Part digilentinc.com:genesys2:part0:1.1 available at /software/xilinx-2015/Vivado/2015.4/data/boards/board_files/genesys2/H/board.xml as part xc7k325tffg900-2 specified in board_part file is either invalid or not available
WARNING: [Board 49-26] cannot add Board Part digilentinc.com:genesys2:part0:1.1 available at /software/xilinx-2015/Vivado/2015.4/data/boards/board_files/genesys2/H/board.xml as part xc7k325tffg900-2 specified in board_part file is either invalid or not available
WARNING: [Board 49-26] cannot add Board Part digilentinc.com:genesys2:part0:1.1 available at /software/xilinx-2015/Vivado/2015.4/data/boards/board_files/genesys2/H/board.xml as part xc7k325tffg900-2 specified in board_part file is either invalid or not available
WARNING: [Board 49-26] cannot add Board Part digilentinc.com:genesys2:part0:1.1 available at /software/xilinx-2015/Vivado/2015.4/data/boards/board_files/genesys2/H/board.xml as part xc7k325tffg900-2 specified in board_part file is either invalid or not available
WARNING: [Board 49-26] cannot add Board Part digilentinc.com:genesys2:part0:1.1 available at /software/xilinx-2015/Vivado/2015.4/data/boards/board_files/genesys2/H/board.xml as part xc7k325tffg900-2 specified in board_part file is either invalid or not available
WARNING: [Board 49-26] cannot add Board Part digilentinc.com:genesys2:part0:1.1 available at /software/xilinx-2015/Vivado/2015.4/data/boards/board_files/genesys2/H/board.xml as part xc7k325tffg900-2 specified in board_part file is either invalid or not available
WARNING: [Board 49-26] cannot add Board Part digilentinc.com:genesys2:part0:1.1 available at /software/xilinx-2015/Vivado/2015.4/data/boards/board_files/genesys2/H/board.xml as part xc7k325tffg900-2 specified in board_part file is either invalid or not available
WARNING: [Board 49-26] cannot add Board Part digilentinc.com:genesys2:part0:1.1 available at /software/xilinx-2015/Vivado/2015.4/data/boards/board_files/genesys2/H/board.xml as part xc7k325tffg900-2 specified in board_part file is either invalid or not available
WARNING: [Board 49-26] cannot add Board Part digilentinc.com:genesys2:part0:1.1 available at /software/xilinx-2015/Vivado/2015.4/data/boards/board_files/genesys2/H/board.xml as part xc7k325tffg900-2 specified in board_part file is either invalid or not available
WARNING: [Board 49-26] cannot add Board Part digilentinc.com:genesys2:part0:1.1 available at /software/xilinx-2015/Vivado/2015.4/data/boards/board_files/genesys2/H/board.xml as part xc7k325tffg900-2 specified in board_part file is either invalid or not available
WARNING: [Board 49-26] cannot add Board Part digilentinc.com:genesys2:part0:1.1 available at /software/xilinx-2015/Vivado/2015.4/data/boards/board_files/genesys2/H/board.xml as part xc7k325tffg900-2 specified in board_part file is either invalid or not available
WARNING: [Board 49-26] cannot add Board Part digilentinc.com:genesys2:part0:1.1 available at /software/xilinx-2015/Vivado/2015.4/data/boards/board_files/genesys2/H/board.xml as part xc7k325tffg900-2 specified in board_part file is either invalid or not available
WARNING: [Board 49-26] cannot add Board Part digilentinc.com:genesys2:part0:1.1 available at /software/xilinx-2015/Vivado/2015.4/data/boards/board_files/genesys2/H/board.xml as part xc7k325tffg900-2 specified in board_part file is either invalid or not available
WARNING: [Board 49-26] cannot add Board Part digilentinc.com:genesys2:part0:1.1 available at /software/xilinx-2015/Vivado/2015.4/data/boards/board_files/genesys2/H/board.xml as part xc7k325tffg900-2 specified in board_part file is either invalid or not available
WARNING: [Board 49-26] cannot add Board Part digilentinc.com:genesys2:part0:1.1 available at /software/xilinx-2015/Vivado/2015.4/data/boards/board_files/genesys2/H/board.xml as part xc7k325tffg900-2 specified in board_part file is either invalid or not available
WARNING: [Board 49-26] cannot add Board Part digilentinc.com:genesys2:part0:1.1 available at /software/xilinx-2015/Vivado/2015.4/data/boards/board_files/genesys2/H/board.xml as part xc7k325tffg900-2 specified in board_part file is either invalid or not available
WARNING: [Board 49-26] cannot add Board Part digilentinc.com:genesys2:part0:1.1 available at /software/xilinx-2015/Vivado/2015.4/data/boards/board_files/genesys2/H/board.xml as part xc7k325tffg900-2 specified in board_part file is either invalid or not available
WARNING: [Board 49-26] cannot add Board Part digilentinc.com:genesys2:part0:1.1 available at /software/xilinx-2015/Vivado/2015.4/data/boards/board_files/genesys2/H/board.xml as part xc7k325tffg900-2 specified in board_part file is either invalid or not available
WARNING: [Board 49-26] cannot add Board Part digilentinc.com:genesys2:part0:1.1 available at /software/xilinx-2015/Vivado/2015.4/data/boards/board_files/genesys2/H/board.xml as part xc7k325tffg900-2 specified in board_part file is either invalid or not available
WARNING: [Board 49-26] cannot add Board Part digilentinc.com:genesys2:part0:1.1 available at /software/xilinx-2015/Vivado/2015.4/data/boards/board_files/genesys2/H/board.xml as part xc7k325tffg900-2 specified in board_part file is either invalid or not available
WARNING: [Board 49-26] cannot add Board Part digilentinc.com:genesys2:part0:1.1 available at /software/xilinx-2015/Vivado/2015.4/data/boards/board_files/genesys2/H/board.xml as part xc7k325tffg900-2 specified in board_part file is either invalid or not available
WARNING: [Board 49-26] cannot add Board Part digilentinc.com:genesys2:part0:1.1 available at /software/xilinx-2015/Vivado/2015.4/data/boards/board_files/genesys2/H/board.xml as part xc7k325tffg900-2 specified in board_part file is either invalid or not available
WARNING: [Board 49-26] cannot add Board Part digilentinc.com:genesys2:part0:1.1 available at /software/xilinx-2015/Vivado/2015.4/data/boards/board_files/genesys2/H/board.xml as part xc7k325tffg900-2 specified in board_part file is either invalid or not available
WARNING: [Board 49-26] cannot add Board Part digilentinc.com:genesys2:part0:1.1 available at /software/xilinx-2015/Vivado/2015.4/data/boards/board_files/genesys2/H/board.xml as part xc7k325tffg900-2 specified in board_part file is either invalid or not available
WARNING: [Board 49-26] cannot add Board Part digilentinc.com:genesys2:part0:1.1 available at /software/xilinx-2015/Vivado/2015.4/data/boards/board_files/genesys2/H/board.xml as part xc7k325tffg900-2 specified in board_part file is either invalid or not available
WARNING: [Board 49-26] cannot add Board Part digilentinc.com:genesys2:part0:1.1 available at /software/xilinx-2015/Vivado/2015.4/data/boards/board_files/genesys2/H/board.xml as part xc7k325tffg900-2 specified in board_part file is either invalid or not available
WARNING: [Board 49-26] cannot add Board Part digilentinc.com:genesys2:part0:1.1 available at /software/xilinx-2015/Vivado/2015.4/data/boards/board_files/genesys2/H/board.xml as part xc7k325tffg900-2 specified in board_part file is either invalid or not available
WARNING: [Board 49-26] cannot add Board Part digilentinc.com:genesys2:part0:1.1 available at /software/xilinx-2015/Vivado/2015.4/data/boards/board_files/genesys2/H/board.xml as part xc7k325tffg900-2 specified in board_part file is either invalid or not available
WARNING: [Board 49-26] cannot add Board Part digilentinc.com:genesys2:part0:1.1 available at /software/xilinx-2015/Vivado/2015.4/data/boards/board_files/genesys2/H/board.xml as part xc7k325tffg900-2 specified in board_part file is either invalid or not available
WARNING: [Board 49-26] cannot add Board Part digilentinc.com:genesys2:part0:1.1 available at /software/xilinx-2015/Vivado/2015.4/data/boards/board_files/genesys2/H/board.xml as part xc7k325tffg900-2 specified in board_part file is either invalid or not available
WARNING: [Board 49-26] cannot add Board Part digilentinc.com:genesys2:part0:1.1 available at /software/xilinx-2015/Vivado/2015.4/data/boards/board_files/genesys2/H/board.xml as part xc7k325tffg900-2 specified in board_part file is either invalid or not available
WARNING: [Board 49-26] cannot add Board Part digilentinc.com:genesys2:part0:1.1 available at /software/xilinx-2015/Vivado/2015.4/data/boards/board_files/genesys2/H/board.xml as part xc7k325tffg900-2 specified in board_part file is either invalid or not available
WARNING: [Board 49-26] cannot add Board Part digilentinc.com:genesys2:part0:1.1 available at /software/xilinx-2015/Vivado/2015.4/data/boards/board_files/genesys2/H/board.xml as part xc7k325tffg900-2 specified in board_part file is either invalid or not available
WARNING: [Board 49-26] cannot add Board Part digilentinc.com:genesys2:part0:1.1 available at /software/xilinx-2015/Vivado/2015.4/data/boards/board_files/genesys2/H/board.xml as part xc7k325tffg900-2 specified in board_part file is either invalid or not available
WARNING: [Board 49-26] cannot add Board Part digilentinc.com:genesys2:part0:1.1 available at /software/xilinx-2015/Vivado/2015.4/data/boards/board_files/genesys2/H/board.xml as part xc7k325tffg900-2 specified in board_part file is either invalid or not available
WARNING: [Board 49-26] cannot add Board Part digilentinc.com:genesys2:part0:1.1 available at /software/xilinx-2015/Vivado/2015.4/data/boards/board_files/genesys2/H/board.xml as part xc7k325tffg900-2 specified in board_part file is either invalid or not available
WARNING: [Board 49-26] cannot add Board Part digilentinc.com:genesys2:part0:1.1 available at /software/xilinx-2015/Vivado/2015.4/data/boards/board_files/genesys2/H/board.xml as part xc7k325tffg900-2 specified in board_part file is either invalid or not available
WARNING: [Board 49-26] cannot add Board Part digilentinc.com:genesys2:part0:1.1 available at /software/xilinx-2015/Vivado/2015.4/data/boards/board_files/genesys2/H/board.xml as part xc7k325tffg900-2 specified in board_part file is either invalid or not available
WARNING: [Board 49-26] cannot add Board Part digilentinc.com:genesys2:part0:1.1 available at /software/xilinx-2015/Vivado/2015.4/data/boards/board_files/genesys2/H/board.xml as part xc7k325tffg900-2 specified in board_part file is either invalid or not available
WARNING: [Board 49-26] cannot add Board Part digilentinc.com:genesys2:part0:1.1 available at /software/xilinx-2015/Vivado/2015.4/data/boards/board_files/genesys2/H/board.xml as part xc7k325tffg900-2 specified in board_part file is either invalid or not available
WARNING: [Board 49-26] cannot add Board Part digilentinc.com:genesys2:part0:1.1 available at /software/xilinx-2015/Vivado/2015.4/data/boards/board_files/genesys2/H/board.xml as part xc7k325tffg900-2 specified in board_part file is either invalid or not available
WARNING: [Board 49-26] cannot add Board Part digilentinc.com:genesys2:part0:1.1 available at /software/xilinx-2015/Vivado/2015.4/data/boards/board_files/genesys2/H/board.xml as part xc7k325tffg900-2 specified in board_part file is either invalid or not available
WARNING: [Board 49-26] cannot add Board Part digilentinc.com:genesys2:part0:1.1 available at /software/xilinx-2015/Vivado/2015.4/data/boards/board_files/genesys2/H/board.xml as part xc7k325tffg900-2 specified in board_part file is either invalid or not available
WARNING: [Board 49-26] cannot add Board Part digilentinc.com:genesys2:part0:1.1 available at /software/xilinx-2015/Vivado/2015.4/data/boards/board_files/genesys2/H/board.xml as part xc7k325tffg900-2 specified in board_part file is either invalid or not available
WARNING: [Board 49-26] cannot add Board Part digilentinc.com:genesys2:part0:1.1 available at /software/xilinx-2015/Vivado/2015.4/data/boards/board_files/genesys2/H/board.xml as part xc7k325tffg900-2 specified in board_part file is either invalid or not available
WARNING: [Board 49-26] cannot add Board Part digilentinc.com:genesys2:part0:1.1 available at /software/xilinx-2015/Vivado/2015.4/data/boards/board_files/genesys2/H/board.xml as part xc7k325tffg900-2 specified in board_part file is either invalid or not available
WARNING: [Board 49-26] cannot add Board Part digilentinc.com:genesys2:part0:1.1 available at /software/xilinx-2015/Vivado/2015.4/data/boards/board_files/genesys2/H/board.xml as part xc7k325tffg900-2 specified in board_part file is either invalid or not available
WARNING: [Board 49-26] cannot add Board Part digilentinc.com:genesys2:part0:1.1 available at /software/xilinx-2015/Vivado/2015.4/data/boards/board_files/genesys2/H/board.xml as part xc7k325tffg900-2 specified in board_part file is either invalid or not available
WARNING: [Board 49-26] cannot add Board Part digilentinc.com:genesys2:part0:1.1 available at /software/xilinx-2015/Vivado/2015.4/data/boards/board_files/genesys2/H/board.xml as part xc7k325tffg900-2 specified in board_part file is either invalid or not available
WARNING: [Board 49-26] cannot add Board Part digilentinc.com:genesys2:part0:1.1 available at /software/xilinx-2015/Vivado/2015.4/data/boards/board_files/genesys2/H/board.xml as part xc7k325tffg900-2 specified in board_part file is either invalid or not available
WARNING: [Board 49-26] cannot add Board Part digilentinc.com:genesys2:part0:1.1 available at /software/xilinx-2015/Vivado/2015.4/data/boards/board_files/genesys2/H/board.xml as part xc7k325tffg900-2 specified in board_part file is either invalid or not available
WARNING: [Board 49-26] cannot add Board Part digilentinc.com:genesys2:part0:1.1 available at /software/xilinx-2015/Vivado/2015.4/data/boards/board_files/genesys2/H/board.xml as part xc7k325tffg900-2 specified in board_part file is either invalid or not available
WARNING: [Board 49-26] cannot add Board Part digilentinc.com:genesys2:part0:1.1 available at /software/xilinx-2015/Vivado/2015.4/data/boards/board_files/genesys2/H/board.xml as part xc7k325tffg900-2 specified in board_part file is either invalid or not available
WARNING: [Board 49-26] cannot add Board Part digilentinc.com:genesys2:part0:1.1 available at /software/xilinx-2015/Vivado/2015.4/data/boards/board_files/genesys2/H/board.xml as part xc7k325tffg900-2 specified in board_part file is either invalid or not available
WARNING: [Board 49-26] cannot add Board Part digilentinc.com:genesys2:part0:1.1 available at /software/xilinx-2015/Vivado/2015.4/data/boards/board_files/genesys2/H/board.xml as part xc7k325tffg900-2 specified in board_part file is either invalid or not available
WARNING: [Board 49-26] cannot add Board Part digilentinc.com:genesys2:part0:1.1 available at /software/xilinx-2015/Vivado/2015.4/data/boards/board_files/genesys2/H/board.xml as part xc7k325tffg900-2 specified in board_part file is either invalid or not available
WARNING: [Board 49-26] cannot add Board Part digilentinc.com:genesys2:part0:1.1 available at /software/xilinx-2015/Vivado/2015.4/data/boards/board_files/genesys2/H/board.xml as part xc7k325tffg900-2 specified in board_part file is either invalid or not available
WARNING: [Board 49-26] cannot add Board Part digilentinc.com:genesys2:part0:1.1 available at /software/xilinx-2015/Vivado/2015.4/data/boards/board_files/genesys2/H/board.xml as part xc7k325tffg900-2 specified in board_part file is either invalid or not available
WARNING: [Board 49-26] cannot add Board Part digilentinc.com:genesys2:part0:1.1 available at /software/xilinx-2015/Vivado/2015.4/data/boards/board_files/genesys2/H/board.xml as part xc7k325tffg900-2 specified in board_part file is either invalid or not available
WARNING: [Board 49-26] cannot add Board Part digilentinc.com:genesys2:part0:1.1 available at /software/xilinx-2015/Vivado/2015.4/data/boards/board_files/genesys2/H/board.xml as part xc7k325tffg900-2 specified in board_part file is either invalid or not available
WARNING: [Board 49-26] cannot add Board Part digilentinc.com:genesys2:part0:1.1 available at /software/xilinx-2015/Vivado/2015.4/data/boards/board_files/genesys2/H/board.xml as part xc7k325tffg900-2 specified in board_part file is either invalid or not available
WARNING: [Board 49-26] cannot add Board Part digilentinc.com:genesys2:part0:1.1 available at /software/xilinx-2015/Vivado/2015.4/data/boards/board_files/genesys2/H/board.xml as part xc7k325tffg900-2 specified in board_part file is either invalid or not available
INFO: [Common 17-14] Message 'Board 49-26' appears 100 times and further instances of the messages will be disabled. Use the Tcl command set_msg_config to change the current settings.
create_project music_box . -part xc7a35tcpg236-1
WARNING: [Board 49-26] cannot add Board Part digilentinc.com:genesys2:part0:1.1 available at /software/xilinx-2015/Vivado/2015.4/data/boards/board_files/genesys2/H/board.xml as part xc7k325tffg900-2 specified in board_part file is either invalid or not available
INFO: [IP_Flow 19-234] Refreshing IP repositories
INFO: [IP_Flow 19-1704] No user IP repositories specified
INFO: [IP_Flow 19-2313] Loaded Vivado IP repository '/software/xilinx-2015/Vivado/2015.4/data/ip'.
set_property board_part digilentinc.com:basys3:part0:1.1 [current_project]
add_files -fileset constrs_1 -norecurse /home/kristbp2/cs296-33fa18-secret/src/Basys3_Master.xdc
add_files -norecurse {/home/kristbp2/cs296-33fa18-secret/src/clock_divider.v /home/kristbp2/cs296-33fa18-secret/src/note_decoder.v /home/kristbp2/cs296-33fa18-secret/src/toplevel.v /home/kristbp2/cs296-33fa18-secret/src/mux_control.v /home/kristbp2/cs296-33fa18-secret/src/main.v /home/kristbp2/cs296-33fa18-secret/src/modules.v /home/kristbp2/cs296-33fa18-secret/src/register.v /home/kristbp2/cs296-33fa18-secret/src/octave_decoder.v /home/kristbp2/cs296-33fa18-secret/src/wave_counter.v}
update_compile_order -fileset sources_1
update_compile_order -fileset sources_1
update_compile_order -fileset sim_1
update_compile_order -fileset sources_1
WARNING: [IP_Flow 19-4067] Ignoring invalid widget type specified checkbox.Providing a default widget
WARNING: [IP_Flow 19-4067] Ignoring invalid widget type specified checkbox.Providing a default widget
create_ip -name blk_mem_gen -vendor xilinx.com -library ip -version 8.3 -module_name offset_mem
set_property -dict [list CONFIG.Memory_Type {Single_Port_ROM} CONFIG.Write_Width_A {12} CONFIG.Write_Depth_A {12} CONFIG.Load_Init_File {true} CONFIG.Coe_File {/home/kristbp2/cs296-33fa18-secret/wave_data_gen/sine_waveform_offsets.coe} CONFIG.Read_Width_A {12} CONFIG.Write_Width_B {12} CONFIG.Read_Width_B {12} CONFIG.Port_A_Write_Rate {0}] [get_ips offset_mem]
INFO: [IP_Flow 19-3484] Absolute path of file '/home/kristbp2/cs296-33fa18-secret/wave_data_gen/sine_waveform_offsets.coe' provided. It will be converted relative to IP Instance files '../../../../wave_data_gen/sine_waveform_offsets.coe'
generate_target {instantiation_template} [get_files /home/kristbp2/cs296-33fa18-secret/music_box.srcs/sources_1/ip/offset_mem/offset_mem.xci]
INFO: [IP_Flow 19-1686] Generating 'Instantiation Template' target for IP 'offset_mem'...
update_compile_order -fileset sources_1
generate_target all [get_files  /home/kristbp2/cs296-33fa18-secret/music_box.srcs/sources_1/ip/offset_mem/offset_mem.xci]
INFO: [IP_Flow 19-1686] Generating 'Synthesis' target for IP 'offset_mem'...
INFO: [IP_Flow 19-1686] Generating 'Simulation' target for IP 'offset_mem'...
INFO: [IP_Flow 19-1686] Generating 'Miscellaneous' target for IP 'offset_mem'...
INFO: [IP_Flow 19-1686] Generating 'Change Log' target for IP 'offset_mem'...
export_ip_user_files -of_objects [get_files /home/kristbp2/cs296-33fa18-secret/music_box.srcs/sources_1/ip/offset_mem/offset_mem.xci] -no_script -force -quiet
create_ip_run [get_files -of_objects [get_fileset sources_1] /home/kristbp2/cs296-33fa18-secret/music_box.srcs/sources_1/ip/offset_mem/offset_mem.xci]
launch_run -jobs 2 offset_mem_synth_1
[Wed Dec  5 15:41:50 2018] Launched offset_mem_synth_1...
Run output will be captured here: /home/kristbp2/cs296-33fa18-secret/music_box.runs/offset_mem_synth_1/runme.log
export_simulation -of_objects [get_files /home/kristbp2/cs296-33fa18-secret/music_box.srcs/sources_1/ip/offset_mem/offset_mem.xci] -directory /home/kristbp2/cs296-33fa18-secret/music_box.ip_user_files/sim_scripts -force -quiet
WARNING: [IP_Flow 19-4067] Ignoring invalid widget type specified checkbox.Providing a default widget
WARNING: [IP_Flow 19-4067] Ignoring invalid widget type specified checkbox.Providing a default widget
create_ip -name blk_mem_gen -vendor xilinx.com -library ip -version 8.3 -module_name lengths_mem
set_property -dict [list CONFIG.Memory_Type {Single_Port_ROM} CONFIG.Write_Width_A {12} CONFIG.Write_Depth_A {12} CONFIG.Load_Init_File {true} CONFIG.Coe_File {/home/kristbp2/cs296-33fa18-secret/wave_data_gen/sine_waveform_lengths.coe} CONFIG.Fill_Remaining_Memory_Locations {false} CONFIG.Read_Width_A {12} CONFIG.Write_Width_B {12} CONFIG.Read_Width_B {12} CONFIG.Port_A_Write_Rate {0}] [get_ips lengths_mem]
INFO: [IP_Flow 19-3484] Absolute path of file '/home/kristbp2/cs296-33fa18-secret/wave_data_gen/sine_waveform_lengths.coe' provided. It will be converted relative to IP Instance files '../../../../wave_data_gen/sine_waveform_lengths.coe'
generate_target {instantiation_template} [get_files /home/kristbp2/cs296-33fa18-secret/music_box.srcs/sources_1/ip/lengths_mem/lengths_mem.xci]
INFO: [IP_Flow 19-1686] Generating 'Instantiation Template' target for IP 'lengths_mem'...
update_compile_order -fileset sources_1
generate_target all [get_files  /home/kristbp2/cs296-33fa18-secret/music_box.srcs/sources_1/ip/lengths_mem/lengths_mem.xci]
INFO: [IP_Flow 19-1686] Generating 'Synthesis' target for IP 'lengths_mem'...
INFO: [IP_Flow 19-1686] Generating 'Simulation' target for IP 'lengths_mem'...
INFO: [IP_Flow 19-1686] Generating 'Miscellaneous' target for IP 'lengths_mem'...
INFO: [IP_Flow 19-1686] Generating 'Change Log' target for IP 'lengths_mem'...
export_ip_user_files -of_objects [get_files /home/kristbp2/cs296-33fa18-secret/music_box.srcs/sources_1/ip/lengths_mem/lengths_mem.xci] -no_script -force -quiet
create_ip_run [get_files -of_objects [get_fileset sources_1] /home/kristbp2/cs296-33fa18-secret/music_box.srcs/sources_1/ip/lengths_mem/lengths_mem.xci]
launch_run -jobs 2 lengths_mem_synth_1
[Wed Dec  5 15:43:31 2018] Launched lengths_mem_synth_1...
Run output will be captured here: /home/kristbp2/cs296-33fa18-secret/music_box.runs/lengths_mem_synth_1/runme.log
export_simulation -of_objects [get_files /home/kristbp2/cs296-33fa18-secret/music_box.srcs/sources_1/ip/lengths_mem/lengths_mem.xci] -directory /home/kristbp2/cs296-33fa18-secret/music_box.ip_user_files/sim_scripts -force -quiet
create_ip -name dist_mem_gen -vendor xilinx.com -library ip -version 8.0 -module_name dist_mem_gen_0
set_property -dict [list CONFIG.depth {304} CONFIG.data_width {8} CONFIG.memory_type {rom} CONFIG.coefficient_file {/home/kristbp2/cs296-33fa18-secret/wave_data_gen/sine_waveform.coe}] [get_ips dist_mem_gen_0]
INFO: [IP_Flow 19-3484] Absolute path of file '/home/kristbp2/cs296-33fa18-secret/wave_data_gen/sine_waveform.coe' provided. It will be converted relative to IP Instance files '../../../../wave_data_gen/sine_waveform.coe'
generate_target {instantiation_template} [get_files /home/kristbp2/cs296-33fa18-secret/music_box.srcs/sources_1/ip/dist_mem_gen_0/dist_mem_gen_0.xci]
INFO: [IP_Flow 19-1686] Generating 'Instantiation Template' target for IP 'dist_mem_gen_0'...
update_compile_order -fileset sources_1
remove_files /home/kristbp2/cs296-33fa18-secret/music_box.srcs/sources_1/ip/dist_mem_gen_0/dist_mem_gen_0.xci
file delete -force /home/kristbp2/cs296-33fa18-secret/music_box.srcs/sources_1/ip/dist_mem_gen_0
create_ip -name dist_mem_gen -vendor xilinx.com -library ip -version 8.0 -module_name sine_wave_mem
set_property -dict [list CONFIG.depth {304} CONFIG.data_width {8} CONFIG.memory_type {rom} CONFIG.coefficient_file {/home/kristbp2/cs296-33fa18-secret/wave_data_gen/sine_waveform.coe}] [get_ips sine_wave_mem]
INFO: [IP_Flow 19-3484] Absolute path of file '/home/kristbp2/cs296-33fa18-secret/wave_data_gen/sine_waveform.coe' provided. It will be converted relative to IP Instance files '../../../../wave_data_gen/sine_waveform.coe'
generate_target {instantiation_template} [get_files /home/kristbp2/cs296-33fa18-secret/music_box.srcs/sources_1/ip/sine_wave_mem/sine_wave_mem.xci]
INFO: [IP_Flow 19-1686] Generating 'Instantiation Template' target for IP 'sine_wave_mem'...
update_compile_order -fileset sources_1
generate_target all [get_files  /home/kristbp2/cs296-33fa18-secret/music_box.srcs/sources_1/ip/sine_wave_mem/sine_wave_mem.xci]
INFO: [IP_Flow 19-1686] Generating 'Synthesis' target for IP 'sine_wave_mem'...
INFO: [IP_Flow 19-1686] Generating 'Simulation' target for IP 'sine_wave_mem'...
INFO: [IP_Flow 19-1686] Generating 'Change Log' target for IP 'sine_wave_mem'...
export_ip_user_files -of_objects [get_files /home/kristbp2/cs296-33fa18-secret/music_box.srcs/sources_1/ip/sine_wave_mem/sine_wave_mem.xci] -no_script -force -quiet
create_ip_run [get_files -of_objects [get_fileset sources_1] /home/kristbp2/cs296-33fa18-secret/music_box.srcs/sources_1/ip/sine_wave_mem/sine_wave_mem.xci]
launch_run -jobs 2 sine_wave_mem_synth_1
[Wed Dec  5 15:46:45 2018] Launched sine_wave_mem_synth_1...
Run output will be captured here: /home/kristbp2/cs296-33fa18-secret/music_box.runs/sine_wave_mem_synth_1/runme.log
export_simulation -of_objects [get_files /home/kristbp2/cs296-33fa18-secret/music_box.srcs/sources_1/ip/sine_wave_mem/sine_wave_mem.xci] -directory /home/kristbp2/cs296-33fa18-secret/music_box.ip_user_files/sim_scripts -force -quiet
WARNING: [IP_Flow 19-4067] Ignoring invalid widget type specified checkbox.Providing a default widget
WARNING: [IP_Flow 19-4067] Ignoring invalid widget type specified checkbox.Providing a default widget
set_property -dict [list CONFIG.depth {3280}] [get_ips sine_wave_mem]
generate_target all [get_files  /home/kristbp2/cs296-33fa18-secret/music_box.srcs/sources_1/ip/sine_wave_mem/sine_wave_mem.xci]
INFO: [IP_Flow 19-1686] Generating 'Instantiation Template' target for IP 'sine_wave_mem'...
INFO: [IP_Flow 19-1686] Generating 'Synthesis' target for IP 'sine_wave_mem'...
INFO: [IP_Flow 19-1686] Generating 'Simulation' target for IP 'sine_wave_mem'...
INFO: [IP_Flow 19-1686] Generating 'Change Log' target for IP 'sine_wave_mem'...
export_ip_user_files -of_objects [get_files /home/kristbp2/cs296-33fa18-secret/music_box.srcs/sources_1/ip/sine_wave_mem/sine_wave_mem.xci] -no_script -force -quiet
reset_run sine_wave_mem_synth_1
launch_run -jobs 2 sine_wave_mem_synth_1
[Wed Dec  5 15:53:14 2018] Launched sine_wave_mem_synth_1...
Run output will be captured here: /home/kristbp2/cs296-33fa18-secret/music_box.runs/sine_wave_mem_synth_1/runme.log
export_simulation -of_objects [get_files /home/kristbp2/cs296-33fa18-secret/music_box.srcs/sources_1/ip/sine_wave_mem/sine_wave_mem.xci] -directory /home/kristbp2/cs296-33fa18-secret/music_box.ip_user_files/sim_scripts -force -quiet
update_compile_order -fileset sources_1
update_compile_order -fileset sim_1
update_compile_order -fileset sources_1
exit
INFO: [Common 17-206] Exiting Vivado at Wed Dec  5 16:02:20 2018...
