#-----------------------------------------------------------
# Vivado v2015.4 (64-bit)
# SW Build 1412921 on Wed Nov 18 09:44:32 MST 2015
# IP Build 1412160 on Tue Nov 17 13:47:24 MST 2015
# Start of session at: Sat Dec  8 17:45:55 2018
# Process ID: 3250698
# Current directory: /home/kristbp2/cs296-33fa18-secret
# Command line: vivado
# Log file: /home/kristbp2/cs296-33fa18-secret/vivado.log
# Journal file: /home/kristbp2/cs296-33fa18-secret/vivado.jou
#-----------------------------------------------------------
start_gui
open_project /home/kristbp2/cs296-33fa18-secret/music_box.xpr
Scanning sources...
Finished scanning sources
INFO: [IP_Flow 19-234] Refreshing IP repositories
INFO: [IP_Flow 19-1704] No user IP repositories specified
INFO: [IP_Flow 19-2313] Loaded Vivado IP repository '/software/xilinx-2015/Vivado/2015.4/data/ip'.
open_project: Time (s): cpu = 00:00:14 ; elapsed = 00:00:14 . Memory (MB): peak = 5880.105 ; gain = 116.531 ; free physical = 1279 ; free virtual = 9144
update_compile_order -fileset sim_1
create_ip -name dist_mem_gen -vendor xilinx.com -library ip -version 8.0 -module_name triangle_wave_mem
set_property -dict [list CONFIG.depth {2656} CONFIG.data_width {8} CONFIG.memory_type {rom} CONFIG.coefficient_file {/home/kristbp2/cs296-33fa18-secret/wave_data_gen/triangle_waveform.coe}] [get_ips triangle_wave_mem]
INFO: [IP_Flow 19-3484] Absolute path of file '/home/kristbp2/cs296-33fa18-secret/wave_data_gen/triangle_waveform.coe' provided. It will be converted relative to IP Instance files '../../../../wave_data_gen/triangle_waveform.coe'
generate_target {instantiation_template} [get_files /home/kristbp2/cs296-33fa18-secret/music_box.srcs/sources_1/ip/triangle_wave_mem/triangle_wave_mem.xci]
INFO: [IP_Flow 19-1686] Generating 'Instantiation Template' target for IP 'triangle_wave_mem'...
update_compile_order -fileset sources_1
generate_target all [get_files  /home/kristbp2/cs296-33fa18-secret/music_box.srcs/sources_1/ip/triangle_wave_mem/triangle_wave_mem.xci]
INFO: [IP_Flow 19-1686] Generating 'Synthesis' target for IP 'triangle_wave_mem'...
INFO: [IP_Flow 19-1686] Generating 'Simulation' target for IP 'triangle_wave_mem'...
INFO: [IP_Flow 19-1686] Generating 'Change Log' target for IP 'triangle_wave_mem'...
export_ip_user_files -of_objects [get_files /home/kristbp2/cs296-33fa18-secret/music_box.srcs/sources_1/ip/triangle_wave_mem/triangle_wave_mem.xci] -no_script -force -quiet
create_ip_run [get_files -of_objects [get_fileset sources_1] /home/kristbp2/cs296-33fa18-secret/music_box.srcs/sources_1/ip/triangle_wave_mem/triangle_wave_mem.xci]
launch_run -jobs 2 triangle_wave_mem_synth_1
[Sat Dec  8 17:54:22 2018] Launched triangle_wave_mem_synth_1...
Run output will be captured here: /home/kristbp2/cs296-33fa18-secret/music_box.runs/triangle_wave_mem_synth_1/runme.log
export_simulation -of_objects [get_files /home/kristbp2/cs296-33fa18-secret/music_box.srcs/sources_1/ip/triangle_wave_mem/triangle_wave_mem.xci] -directory /home/kristbp2/cs296-33fa18-secret/music_box.ip_user_files/sim_scripts -force -quiet
update_compile_order -fileset sim_1
create_ip -name dist_mem_gen -vendor xilinx.com -library ip -version 8.0 -module_name square_wave_mem
set_property -dict [list CONFIG.depth {2656} CONFIG.data_width {8} CONFIG.coefficient_file {/home/kristbp2/cs296-33fa18-secret/wave_data_gen/square_waveform.coe}] [get_ips square_wave_mem]
INFO: [IP_Flow 19-3484] Absolute path of file '/home/kristbp2/cs296-33fa18-secret/wave_data_gen/square_waveform.coe' provided. It will be converted relative to IP Instance files '../../../../wave_data_gen/square_waveform.coe'
generate_target {instantiation_template} [get_files /home/kristbp2/cs296-33fa18-secret/music_box.srcs/sources_1/ip/square_wave_mem/square_wave_mem.xci]
INFO: [IP_Flow 19-1686] Generating 'Instantiation Template' target for IP 'square_wave_mem'...
update_compile_order -fileset sources_1
set_property -dict [list CONFIG.memory_type {rom}] [get_ips square_wave_mem]
generate_target all [get_files  /home/kristbp2/cs296-33fa18-secret/music_box.srcs/sources_1/ip/square_wave_mem/square_wave_mem.xci]
INFO: [IP_Flow 19-1686] Generating 'Instantiation Template' target for IP 'square_wave_mem'...
INFO: [IP_Flow 19-1686] Generating 'Synthesis' target for IP 'square_wave_mem'...
INFO: [IP_Flow 19-1686] Generating 'Simulation' target for IP 'square_wave_mem'...
INFO: [IP_Flow 19-1686] Generating 'Change Log' target for IP 'square_wave_mem'...
export_ip_user_files -of_objects [get_files /home/kristbp2/cs296-33fa18-secret/music_box.srcs/sources_1/ip/square_wave_mem/square_wave_mem.xci] -no_script -force -quiet
create_ip_run [get_files -of_objects [get_fileset sources_1] /home/kristbp2/cs296-33fa18-secret/music_box.srcs/sources_1/ip/square_wave_mem/square_wave_mem.xci]
launch_run -jobs 2 square_wave_mem_synth_1
[Sat Dec  8 17:55:24 2018] Launched square_wave_mem_synth_1...
Run output will be captured here: /home/kristbp2/cs296-33fa18-secret/music_box.runs/square_wave_mem_synth_1/runme.log
export_simulation -of_objects [get_files /home/kristbp2/cs296-33fa18-secret/music_box.srcs/sources_1/ip/square_wave_mem/square_wave_mem.xci] -directory /home/kristbp2/cs296-33fa18-secret/music_box.ip_user_files/sim_scripts -force -quiet
update_compile_order -fileset sim_1
create_ip -name dist_mem_gen -vendor xilinx.com -library ip -version 8.0 -module_name saw_wave_mem
set_property -dict [list CONFIG.depth {2656} CONFIG.memory_type {rom} CONFIG.coefficient_file {/home/kristbp2/cs296-33fa18-secret/wave_data_gen/saw_waveform.coe}] [get_ips saw_wave_mem]
INFO: [IP_Flow 19-3484] Absolute path of file '/home/kristbp2/cs296-33fa18-secret/wave_data_gen/saw_waveform.coe' provided. It will be converted relative to IP Instance files '../../../../wave_data_gen/saw_waveform.coe'
generate_target {instantiation_template} [get_files /home/kristbp2/cs296-33fa18-secret/music_box.srcs/sources_1/ip/saw_wave_mem/saw_wave_mem.xci]
INFO: [IP_Flow 19-1686] Generating 'Instantiation Template' target for IP 'saw_wave_mem'...
update_compile_order -fileset sources_1
generate_target all [get_files  /home/kristbp2/cs296-33fa18-secret/music_box.srcs/sources_1/ip/saw_wave_mem/saw_wave_mem.xci]
INFO: [IP_Flow 19-1686] Generating 'Synthesis' target for IP 'saw_wave_mem'...
INFO: [IP_Flow 19-1686] Generating 'Simulation' target for IP 'saw_wave_mem'...
INFO: [IP_Flow 19-1686] Generating 'Change Log' target for IP 'saw_wave_mem'...
export_ip_user_files -of_objects [get_files /home/kristbp2/cs296-33fa18-secret/music_box.srcs/sources_1/ip/saw_wave_mem/saw_wave_mem.xci] -no_script -force -quiet
create_ip_run [get_files -of_objects [get_fileset sources_1] /home/kristbp2/cs296-33fa18-secret/music_box.srcs/sources_1/ip/saw_wave_mem/saw_wave_mem.xci]
launch_run -jobs 2 saw_wave_mem_synth_1
[Sat Dec  8 17:56:00 2018] Launched saw_wave_mem_synth_1...
Run output will be captured here: /home/kristbp2/cs296-33fa18-secret/music_box.runs/saw_wave_mem_synth_1/runme.log
export_simulation -of_objects [get_files /home/kristbp2/cs296-33fa18-secret/music_box.srcs/sources_1/ip/saw_wave_mem/saw_wave_mem.xci] -directory /home/kristbp2/cs296-33fa18-secret/music_box.ip_user_files/sim_scripts -force -quiet
update_compile_order -fileset sim_1
add_files -norecurse /home/kristbp2/cs296-33fa18-secret/src/note_decoder_full.v
update_compile_order -fileset sources_1
update_compile_order -fileset sources_1
update_compile_order -fileset sources_1
exit
INFO: [Common 17-206] Exiting Vivado at Sat Dec  8 17:58:06 2018...
