#
# An unexpected error has occurred (6)
#
Stack:
/lib64/libc.so.6(+0x36280) [0x7fc390a8a280]
/lib64/libc.so.6(gsignal+0x37) [0x7fc390a8a207]
/lib64/libc.so.6(abort+0x148) [0x7fc390a8b8f8]
/lib64/libc.so.6(+0x2f026) [0x7fc390a83026]
/lib64/libc.so.6(+0x2f0d2) [0x7fc390a830d2]
/software/xilinx-2015/Vivado/2015.4/lib/lnx64.o/librdi_synth.so(GDpGen::implementDivMod(DFNode*, bool)+0x880) [0x7fc36102c520]
/software/xilinx-2015/Vivado/2015.4/lib/lnx64.o/librdi_synth.so(GDpGen::implementBinary(DFNode*, bool)+0xcb) [0x7fc360ca4d3b]
/software/xilinx-2015/Vivado/2015.4/lib/lnx64.o/librdi_synth.so(GDpGen::implement(DFNode*, bool)+0x8f) [0x7fc360ca4edf]
/software/xilinx-2015/Vivado/2015.4/lib/lnx64.o/librdi_synth.so(GDpGen::connectNode(DFNode*)+0x19b) [0x7fc360c8681b]
/software/xilinx-2015/Vivado/2015.4/lib/lnx64.o/librdi_synth.so(HSynMod::connectInputPin(SPinArray*, DFPin*)+0x257) [0x7fc360f71f17]
/software/xilinx-2015/Vivado/2015.4/lib/lnx64.o/librdi_synth.so(HSynMod::connectInputPin(DFPin*)+0x5d) [0x7fc360f7211d]
/software/xilinx-2015/Vivado/2015.4/lib/lnx64.o/librdi_synth.so(HSynMod::connectNets()+0x34) [0x7fc360f731e4]
/software/xilinx-2015/Vivado/2015.4/lib/lnx64.o/librdi_synth.so(GDpGen::regenerate(bool, bool)+0x65) [0x7fc360c85d45]
/software/xilinx-2015/Vivado/2015.4/lib/lnx64.o/librdi_synth.so(HARTGDpGen::regenerate(bool, bool)+0x120) [0x7fc3607be0b0]
/software/xilinx-2015/Vivado/2015.4/lib/lnx64.o/librdi_synth.so(GDpGen::generate(bool)+0x24d) [0x7fc360c864ed]
/software/xilinx-2015/Vivado/2015.4/lib/lnx64.o/librdi_synth.so(GDp::GDp(NRealMod, DFGraph*, bool)+0x27) [0x7fc36103f377]
/software/xilinx-2015/Vivado/2015.4/lib/lnx64.o/librdi_synth.so(HSynMod::createGraph(DFNode*, bool)+0x1259) [0x7fc360f61719]
/software/xilinx-2015/Vivado/2015.4/lib/lnx64.o/librdi_synth.so(HSynMod::connectGraph(DFNode*)+0x10f) [0x7fc360f7355f]
/software/xilinx-2015/Vivado/2015.4/lib/lnx64.o/librdi_synth.so(HSynMod::connectInputPin(SPinArray*, DFPin*)+0x257) [0x7fc360f71f17]
/software/xilinx-2015/Vivado/2015.4/lib/lnx64.o/librdi_synth.so(HSynMod::connectGraph(DFNode*)+0xb1) [0x7fc360f73501]
/software/xilinx-2015/Vivado/2015.4/lib/lnx64.o/librdi_synth.so(HSynMod::connectInputPin(SPinArray*, DFPin*)+0x257) [0x7fc360f71f17]
/software/xilinx-2015/Vivado/2015.4/lib/lnx64.o/librdi_synth.so(HSynMod::connectGraph(DFNode*)+0xb1) [0x7fc360f73501]
/software/xilinx-2015/Vivado/2015.4/lib/lnx64.o/librdi_synth.so(HSynMod::connectInputPin(SPinArray*, DFPin*)+0x257) [0x7fc360f71f17]
/software/xilinx-2015/Vivado/2015.4/lib/lnx64.o/librdi_synth.so(HSynMod::connectGraph(DFNode*)+0xb1) [0x7fc360f73501]
/software/xilinx-2015/Vivado/2015.4/lib/lnx64.o/librdi_synth.so(HSynMod::connectInputPin(SPinArray*, DFPin*)+0x257) [0x7fc360f71f17]
/software/xilinx-2015/Vivado/2015.4/lib/lnx64.o/librdi_synth.so(HSynMod::connectGraph(DFNode*)+0xb1) [0x7fc360f73501]
/software/xilinx-2015/Vivado/2015.4/lib/lnx64.o/librdi_synth.so(HSynMod::connectInputPin(SPinArray*, DFPin*)+0x257) [0x7fc360f71f17]
/software/xilinx-2015/Vivado/2015.4/lib/lnx64.o/librdi_synth.so(HSynMod::connectInputPin(DFPin*)+0x5d) [0x7fc360f7211d]
/software/xilinx-2015/Vivado/2015.4/lib/lnx64.o/librdi_synth.so(HSynMod::connectNets()+0x34) [0x7fc360f731e4]
/software/xilinx-2015/Vivado/2015.4/lib/lnx64.o/librdi_synth.so(HSynMod::regenerate(bool)+0x24) [0x7fc360f6e0b4]
/software/xilinx-2015/Vivado/2015.4/lib/lnx64.o/librdi_synth.so(GSyn::generateFpga(NRealMod, bool)+0x54e) [0x7fc360c81d4e]
/software/xilinx-2015/Vivado/2015.4/lib/lnx64.o/librdi_synth.so(GSyn::generate(NRealMod, bool)+0x3a8) [0x7fc360c82418]
/software/xilinx-2015/Vivado/2015.4/lib/lnx64.o/librdi_synth.so(NRealMod::regenerate(bool)+0x25) [0x7fc360c82495]
/software/xilinx-2015/Vivado/2015.4/lib/lnx64.o/librdi_synth.so(HARTNDb::HARTMergeResynPartitionsR(NRealMod, HARTNDb::MergePhase)+0x2308) [0x7fc36054acb8]
/software/xilinx-2015/Vivado/2015.4/lib/lnx64.o/librdi_synth.so(HARTNDb::HARTMergeResynPartitions(NRealMod, HARTNDb::MergePhase)+0x22e) [0x7fc36054bbbe]
/software/xilinx-2015/Vivado/2015.4/lib/lnx64.o/librdi_synth.so(HARTNDb::reSynthReInfer(bool)+0x6e) [0x7fc36054bcce]
/software/xilinx-2015/Vivado/2015.4/lib/lnx64.o/librdi_synth.so(+0xb9a6aa) [0x7fc3606cd6aa]
/software/xilinx-2015/Vivado/2015.4/lib/lnx64.o/librdi_synth.so(+0xab3e25) [0x7fc3605e6e25]
/software/xilinx-2015/Vivado/2015.4/lib/lnx64.o/libtcl8.5.so(+0x331f5) [0x7fc38cb611f5]
/software/xilinx-2015/Vivado/2015.4/lib/lnx64.o/libtcl8.5.so(+0x34d6b) [0x7fc38cb62d6b]
/software/xilinx-2015/Vivado/2015.4/lib/lnx64.o/libtcl8.5.so(Tcl_EvalEx+0x16) [0x7fc38cb63276]
/software/xilinx-2015/Vivado/2015.4/lib/lnx64.o/libtcl8.5.so(TclEvalObjEx+0x213) [0x7fc38cb634c3]
/software/xilinx-2015/Vivado/2015.4/lib/lnx64.o/libtcl8.5.so(+0x3b745) [0x7fc38cb69745]
/software/xilinx-2015/Vivado/2015.4/lib/lnx64.o/libtcl8.5.so(+0x331f5) [0x7fc38cb611f5]
/software/xilinx-2015/Vivado/2015.4/lib/lnx64.o/libtcl8.5.so(+0x76bbe) [0x7fc38cba4bbe]
/software/xilinx-2015/Vivado/2015.4/lib/lnx64.o/libtcl8.5.so(+0x7e767) [0x7fc38cbac767]
/software/xilinx-2015/Vivado/2015.4/lib/lnx64.o/libtcl8.5.so(TclEvalObjEx+0x77) [0x7fc38cb63327]
/software/xilinx-2015/Vivado/2015.4/lib/lnx64.o/librdi_commontasks.so(+0x2a2187) [0x7fc382d69187]
/software/xilinx-2015/Vivado/2015.4/lib/lnx64.o/libtcl8.5.so(+0x331f5) [0x7fc38cb611f5]
/software/xilinx-2015/Vivado/2015.4/lib/lnx64.o/libtcl8.5.so(+0x76bbe) [0x7fc38cba4bbe]
/software/xilinx-2015/Vivado/2015.4/lib/lnx64.o/libtcl8.5.so(TclObjInterpProcCore+0x2fb) [0x7fc38cbe5b8b]
/software/xilinx-2015/Vivado/2015.4/lib/lnx64.o/libtcl8.5.so(+0x331f5) [0x7fc38cb611f5]
/software/xilinx-2015/Vivado/2015.4/lib/lnx64.o/libtcl8.5.so(+0x76bbe) [0x7fc38cba4bbe]
/software/xilinx-2015/Vivado/2015.4/lib/lnx64.o/libtcl8.5.so(TclObjInterpProcCore+0x2fb) [0x7fc38cbe5b8b]
/software/xilinx-2015/Vivado/2015.4/lib/lnx64.o/libtcl8.5.so(+0x331f5) [0x7fc38cb611f5]
/software/xilinx-2015/Vivado/2015.4/lib/lnx64.o/libtcl8.5.so(+0x76bbe) [0x7fc38cba4bbe]
/software/xilinx-2015/Vivado/2015.4/lib/lnx64.o/libtcl8.5.so(+0x7e767) [0x7fc38cbac767]
/software/xilinx-2015/Vivado/2015.4/lib/lnx64.o/libtcl8.5.so(TclEvalObjEx+0x77) [0x7fc38cb63327]
/software/xilinx-2015/Vivado/2015.4/lib/lnx64.o/librdi_commontasks.so(+0x2a2187) [0x7fc382d69187]
/software/xilinx-2015/Vivado/2015.4/lib/lnx64.o/libtcl8.5.so(+0x331f5) [0x7fc38cb611f5]
/software/xilinx-2015/Vivado/2015.4/lib/lnx64.o/libtcl8.5.so(+0x76bbe) [0x7fc38cba4bbe]
/software/xilinx-2015/Vivado/2015.4/lib/lnx64.o/libtcl8.5.so(Tcl_ExprObj+0xfb) [0x7fc38cbac33b]
/software/xilinx-2015/Vivado/2015.4/lib/lnx64.o/libtcl8.5.so(Tcl_ExprBooleanObj+0x16) [0x7fc38cb620c6]
/software/xilinx-2015/Vivado/2015.4/lib/lnx64.o/libtcl8.5.so(+0x3eae8) [0x7fc38cb6cae8]
/software/xilinx-2015/Vivado/2015.4/lib/lnx64.o/libtcl8.5.so(+0x331f5) [0x7fc38cb611f5]
/software/xilinx-2015/Vivado/2015.4/lib/lnx64.o/libtcl8.5.so(+0x34d6b) [0x7fc38cb62d6b]
/software/xilinx-2015/Vivado/2015.4/lib/lnx64.o/libtcl8.5.so(Tcl_EvalEx+0x16) [0x7fc38cb63276]
/software/xilinx-2015/Vivado/2015.4/lib/lnx64.o/libtcl8.5.so(Tcl_FSEvalFileEx+0x1d2) [0x7fc38cbc7d02]
/software/xilinx-2015/Vivado/2015.4/lib/lnx64.o/librdi_commontasks.so(+0x2bf325) [0x7fc382d86325]
/software/xilinx-2015/Vivado/2015.4/lib/lnx64.o/librdi_common.so(+0x5478a2) [0x7fc391a8a8a2]
/software/xilinx-2015/Vivado/2015.4/lib/lnx64.o/libtcl8.5.so(+0x331f5) [0x7fc38cb611f5]
/software/xilinx-2015/Vivado/2015.4/lib/lnx64.o/libtcl8.5.so(+0x76bbe) [0x7fc38cba4bbe]
/software/xilinx-2015/Vivado/2015.4/lib/lnx64.o/libtcl8.5.so(+0x7e767) [0x7fc38cbac767]
/software/xilinx-2015/Vivado/2015.4/lib/lnx64.o/libtcl8.5.so(TclEvalObjEx+0x77) [0x7fc38cb63327]
/software/xilinx-2015/Vivado/2015.4/lib/lnx64.o/libtcl8.5.so(+0xb740f) [0x7fc38cbe540f]
/software/xilinx-2015/Vivado/2015.4/lib/lnx64.o/libtcl8.5.so(+0x331f5) [0x7fc38cb611f5]
/software/xilinx-2015/Vivado/2015.4/lib/lnx64.o/libtcl8.5.so(+0x76bbe) [0x7fc38cba4bbe]
/software/xilinx-2015/Vivado/2015.4/lib/lnx64.o/libtcl8.5.so(+0x7e767) [0x7fc38cbac767]
/software/xilinx-2015/Vivado/2015.4/lib/lnx64.o/libtcl8.5.so(TclEvalObjEx+0x77) [0x7fc38cb63327]
/software/xilinx-2015/Vivado/2015.4/lib/lnx64.o/librdi_commontasks.so(+0x2a2224) [0x7fc382d69224]
/software/xilinx-2015/Vivado/2015.4/lib/lnx64.o/libtcl8.5.so(+0x331f5) [0x7fc38cb611f5]
/software/xilinx-2015/Vivado/2015.4/lib/lnx64.o/libtcl8.5.so(+0x34d6b) [0x7fc38cb62d6b]
/software/xilinx-2015/Vivado/2015.4/lib/lnx64.o/libtcl8.5.so(+0xad531) [0x7fc38cbdb531]
/software/xilinx-2015/Vivado/2015.4/lib/lnx64.o/libtcl8.5.so(+0x3491c) [0x7fc38cb6291c]
/software/xilinx-2015/Vivado/2015.4/lib/lnx64.o/libtcl8.5.so(Tcl_EvalEx+0x16) [0x7fc38cb63276]
/software/xilinx-2015/Vivado/2015.4/lib/lnx64.o/libtcl8.5.so(Tcl_FSEvalFileEx+0x1d2) [0x7fc38cbc7d02]
/software/xilinx-2015/Vivado/2015.4/lib/lnx64.o/librdi_commontasks.so(+0x2bf325) [0x7fc382d86325]
/software/xilinx-2015/Vivado/2015.4/lib/lnx64.o/librdi_common.so(+0x5478a2) [0x7fc391a8a8a2]
/software/xilinx-2015/Vivado/2015.4/lib/lnx64.o/libtcl8.5.so(+0x331f5) [0x7fc38cb611f5]
/software/xilinx-2015/Vivado/2015.4/lib/lnx64.o/libtcl8.5.so(Tcl_EvalObjv+0x32) [0x7fc38cb617e2]
/software/xilinx-2015/Vivado/2015.4/lib/lnx64.o/libtcl8.5.so(TclEvalObjEx+0x322) [0x7fc38cb635d2]
/software/xilinx-2015/Vivado/2015.4/lib/lnx64.o/librdi_common.so(hdi::tcltasks::task_manager::eval_in_tcl(Tcl_Interp*, Tcl_Obj*, char const*, bool)+0x84d) [0x7fc391a8c2dd]
/software/xilinx-2015/Vivado/2015.4/lib/lnx64.o/librdi_designutils.so(HRTInvoker::inProcessLaunch(HDGUIStatus&)+0x1c9) [0x7fc3794e09f9]
/software/xilinx-2015/Vivado/2015.4/lib/lnx64.o/librdi_designutils.so(HRTInvoker::launch(HDGUIStatus&)+0x4b5) [0x7fc3794e1755]
/software/xilinx-2015/Vivado/2015.4/lib/lnx64.o/librdi_vivadotasks.so(+0x358778) [0x7fc35d830778]
/software/xilinx-2015/Vivado/2015.4/lib/lnx64.o/librdi_vivadotasks.so(+0x35f5b0) [0x7fc35d8375b0]
/software/xilinx-2015/Vivado/2015.4/lib/lnx64.o/librdi_common.so(+0x5478a2) [0x7fc391a8a8a2]
/software/xilinx-2015/Vivado/2015.4/lib/lnx64.o/libtcl8.5.so(+0x331f5) [0x7fc38cb611f5]
/software/xilinx-2015/Vivado/2015.4/lib/lnx64.o/libtcl8.5.so(+0x34d6b) [0x7fc38cb62d6b]
/software/xilinx-2015/Vivado/2015.4/lib/lnx64.o/libtcl8.5.so(Tcl_EvalEx+0x16) [0x7fc38cb63276]
/software/xilinx-2015/Vivado/2015.4/lib/lnx64.o/libtcl8.5.so(Tcl_FSEvalFileEx+0x1d2) [0x7fc38cbc7d02]
/software/xilinx-2015/Vivado/2015.4/lib/lnx64.o/librdi_commontasks.so(+0x2bf325) [0x7fc382d86325]
/software/xilinx-2015/Vivado/2015.4/lib/lnx64.o/librdi_common.so(+0x5478a2) [0x7fc391a8a8a2]
/software/xilinx-2015/Vivado/2015.4/lib/lnx64.o/libtcl8.5.so(+0x331f5) [0x7fc38cb611f5]
/software/xilinx-2015/Vivado/2015.4/lib/lnx64.o/libtcl8.5.so(Tcl_EvalObjv+0x32) [0x7fc38cb617e2]
/software/xilinx-2015/Vivado/2015.4/lib/lnx64.o/libtcl8.5.so(TclEvalObjEx+0x322) [0x7fc38cb635d2]
/software/xilinx-2015/Vivado/2015.4/lib/lnx64.o/librdi_commontasks.so(+0x2dd3d9) [0x7fc382da43d9]
/software/xilinx-2015/Vivado/2015.4/lib/lnx64.o/librdi_commontasks.so(+0x2d64d3) [0x7fc382d9d4d3]
/software/xilinx-2015/Vivado/2015.4/lib/lnx64.o/librdi_common.so(+0x5478a2) [0x7fc391a8a8a2]
/software/xilinx-2015/Vivado/2015.4/lib/lnx64.o/libtcl8.5.so(+0x331f5) [0x7fc38cb611f5]
/software/xilinx-2015/Vivado/2015.4/lib/lnx64.o/libtcl8.5.so(Tcl_EvalObjv+0x32) [0x7fc38cb617e2]
/software/xilinx-2015/Vivado/2015.4/lib/lnx64.o/libtcl8.5.so(TclEvalObjEx+0x322) [0x7fc38cb635d2]
/software/xilinx-2015/Vivado/2015.4/lib/lnx64.o/librdi_commonmain.so(+0x5f00) [0x7fc39133ef00]
/software/xilinx-2015/Vivado/2015.4/lib/lnx64.o/libtcl8.5.so(Tcl_Main+0x1d5) [0x7fc38cbce175]
/software/xilinx-2015/Vivado/2015.4/lib/lnx64.o/librdi_common.so(+0x580749) [0x7fc391ac3749]
/lib64/libpthread.so.0(+0x7dd5) [0x7fc39053ddd5]
/lib64/libc.so.6(clone+0x6d) [0x7fc390b51ead]
