#
# An unexpected error has occurred (6)
#
Stack:
/lib64/libc.so.6(+0x36280) [0x7f25b6b5e280]
/lib64/libc.so.6(gsignal+0x37) [0x7f25b6b5e207]
/lib64/libc.so.6(abort+0x148) [0x7f25b6b5f8f8]
/lib64/libc.so.6(+0x2f026) [0x7f25b6b57026]
/lib64/libc.so.6(+0x2f0d2) [0x7f25b6b570d2]
/software/xilinx-2015/Vivado/2015.4/lib/lnx64.o/librdi_synth.so(GDpGen::implementDivMod(DFNode*, bool)+0x880) [0x7f2587100520]
/software/xilinx-2015/Vivado/2015.4/lib/lnx64.o/librdi_synth.so(GDpGen::implementBinary(DFNode*, bool)+0xcb) [0x7f2586d78d3b]
/software/xilinx-2015/Vivado/2015.4/lib/lnx64.o/librdi_synth.so(GDpGen::implement(DFNode*, bool)+0x8f) [0x7f2586d78edf]
/software/xilinx-2015/Vivado/2015.4/lib/lnx64.o/librdi_synth.so(GDpGen::connectNode(DFNode*)+0x19b) [0x7f2586d5a81b]
/software/xilinx-2015/Vivado/2015.4/lib/lnx64.o/librdi_synth.so(HSynMod::connectInputPin(SPinArray*, DFPin*)+0x257) [0x7f2587045f17]
/software/xilinx-2015/Vivado/2015.4/lib/lnx64.o/librdi_synth.so(HSynMod::connectInputPin(DFPin*)+0x5d) [0x7f258704611d]
/software/xilinx-2015/Vivado/2015.4/lib/lnx64.o/librdi_synth.so(HSynMod::connectNets()+0x34) [0x7f25870471e4]
/software/xilinx-2015/Vivado/2015.4/lib/lnx64.o/librdi_synth.so(GDpGen::regenerate(bool, bool)+0x65) [0x7f2586d59d45]
/software/xilinx-2015/Vivado/2015.4/lib/lnx64.o/librdi_synth.so(HARTGDpGen::regenerate(bool, bool)+0x120) [0x7f25868920b0]
/software/xilinx-2015/Vivado/2015.4/lib/lnx64.o/librdi_synth.so(GDpGen::generate(bool)+0x24d) [0x7f2586d5a4ed]
/software/xilinx-2015/Vivado/2015.4/lib/lnx64.o/librdi_synth.so(GDp::GDp(NRealMod, DFGraph*, bool)+0x27) [0x7f2587113377]
/software/xilinx-2015/Vivado/2015.4/lib/lnx64.o/librdi_synth.so(HSynMod::createGraph(DFNode*, bool)+0x1259) [0x7f2587035719]
/software/xilinx-2015/Vivado/2015.4/lib/lnx64.o/librdi_synth.so(HSynMod::connectGraph(DFNode*)+0x10f) [0x7f258704755f]
/software/xilinx-2015/Vivado/2015.4/lib/lnx64.o/librdi_synth.so(HSynMod::connectInputPin(SPinArray*, DFPin*)+0x257) [0x7f2587045f17]
/software/xilinx-2015/Vivado/2015.4/lib/lnx64.o/librdi_synth.so(HSynMod::connectGraph(DFNode*)+0xb1) [0x7f2587047501]
/software/xilinx-2015/Vivado/2015.4/lib/lnx64.o/librdi_synth.so(HSynMod::connectInputPin(SPinArray*, DFPin*)+0x257) [0x7f2587045f17]
/software/xilinx-2015/Vivado/2015.4/lib/lnx64.o/librdi_synth.so(HSynMod::connectGraph(DFNode*)+0xb1) [0x7f2587047501]
/software/xilinx-2015/Vivado/2015.4/lib/lnx64.o/librdi_synth.so(HSynMod::connectInputPin(SPinArray*, DFPin*)+0x257) [0x7f2587045f17]
/software/xilinx-2015/Vivado/2015.4/lib/lnx64.o/librdi_synth.so(HSynMod::connectGraph(DFNode*)+0xb1) [0x7f2587047501]
/software/xilinx-2015/Vivado/2015.4/lib/lnx64.o/librdi_synth.so(HSynMod::connectInputPin(SPinArray*, DFPin*)+0x257) [0x7f2587045f17]
/software/xilinx-2015/Vivado/2015.4/lib/lnx64.o/librdi_synth.so(HSynMod::connectGraph(DFNode*)+0xb1) [0x7f2587047501]
/software/xilinx-2015/Vivado/2015.4/lib/lnx64.o/librdi_synth.so(HSynMod::connectInputPin(SPinArray*, DFPin*)+0x257) [0x7f2587045f17]
/software/xilinx-2015/Vivado/2015.4/lib/lnx64.o/librdi_synth.so(HSynMod::connectInputPin(DFPin*)+0x5d) [0x7f258704611d]
/software/xilinx-2015/Vivado/2015.4/lib/lnx64.o/librdi_synth.so(HSynMod::connectNets()+0x34) [0x7f25870471e4]
/software/xilinx-2015/Vivado/2015.4/lib/lnx64.o/librdi_synth.so(HSynMod::regenerate(bool)+0x24) [0x7f25870420b4]
/software/xilinx-2015/Vivado/2015.4/lib/lnx64.o/librdi_synth.so(GSyn::generateFpga(NRealMod, bool)+0x54e) [0x7f2586d55d4e]
/software/xilinx-2015/Vivado/2015.4/lib/lnx64.o/librdi_synth.so(GSyn::generate(NRealMod, bool)+0x3a8) [0x7f2586d56418]
/software/xilinx-2015/Vivado/2015.4/lib/lnx64.o/librdi_synth.so(NRealMod::regenerate(bool)+0x25) [0x7f2586d56495]
/software/xilinx-2015/Vivado/2015.4/lib/lnx64.o/librdi_synth.so(HARTNDb::HARTMergeResynPartitionsR(NRealMod, HARTNDb::MergePhase)+0x2308) [0x7f258661ecb8]
/software/xilinx-2015/Vivado/2015.4/lib/lnx64.o/librdi_synth.so(HARTNDb::HARTMergeResynPartitions(NRealMod, HARTNDb::MergePhase)+0x22e) [0x7f258661fbbe]
/software/xilinx-2015/Vivado/2015.4/lib/lnx64.o/librdi_synth.so(HARTNDb::reSynthReInfer(bool)+0x6e) [0x7f258661fcce]
/software/xilinx-2015/Vivado/2015.4/lib/lnx64.o/librdi_synth.so(+0xb9a6aa) [0x7f25867a16aa]
/software/xilinx-2015/Vivado/2015.4/lib/lnx64.o/librdi_synth.so(+0xab3e25) [0x7f25866bae25]
/software/xilinx-2015/Vivado/2015.4/lib/lnx64.o/libtcl8.5.so(+0x331f5) [0x7f25b2c351f5]
/software/xilinx-2015/Vivado/2015.4/lib/lnx64.o/libtcl8.5.so(+0x34d6b) [0x7f25b2c36d6b]
/software/xilinx-2015/Vivado/2015.4/lib/lnx64.o/libtcl8.5.so(Tcl_EvalEx+0x16) [0x7f25b2c37276]
/software/xilinx-2015/Vivado/2015.4/lib/lnx64.o/libtcl8.5.so(TclEvalObjEx+0x213) [0x7f25b2c374c3]
/software/xilinx-2015/Vivado/2015.4/lib/lnx64.o/libtcl8.5.so(+0x3b745) [0x7f25b2c3d745]
/software/xilinx-2015/Vivado/2015.4/lib/lnx64.o/libtcl8.5.so(+0x331f5) [0x7f25b2c351f5]
/software/xilinx-2015/Vivado/2015.4/lib/lnx64.o/libtcl8.5.so(+0x76bbe) [0x7f25b2c78bbe]
/software/xilinx-2015/Vivado/2015.4/lib/lnx64.o/libtcl8.5.so(+0x7e767) [0x7f25b2c80767]
/software/xilinx-2015/Vivado/2015.4/lib/lnx64.o/libtcl8.5.so(TclEvalObjEx+0x77) [0x7f25b2c37327]
/software/xilinx-2015/Vivado/2015.4/lib/lnx64.o/librdi_commontasks.so(+0x2a2187) [0x7f25a8e3d187]
/software/xilinx-2015/Vivado/2015.4/lib/lnx64.o/libtcl8.5.so(+0x331f5) [0x7f25b2c351f5]
/software/xilinx-2015/Vivado/2015.4/lib/lnx64.o/libtcl8.5.so(+0x76bbe) [0x7f25b2c78bbe]
/software/xilinx-2015/Vivado/2015.4/lib/lnx64.o/libtcl8.5.so(TclObjInterpProcCore+0x2fb) [0x7f25b2cb9b8b]
/software/xilinx-2015/Vivado/2015.4/lib/lnx64.o/libtcl8.5.so(+0x331f5) [0x7f25b2c351f5]
/software/xilinx-2015/Vivado/2015.4/lib/lnx64.o/libtcl8.5.so(+0x76bbe) [0x7f25b2c78bbe]
/software/xilinx-2015/Vivado/2015.4/lib/lnx64.o/libtcl8.5.so(TclObjInterpProcCore+0x2fb) [0x7f25b2cb9b8b]
/software/xilinx-2015/Vivado/2015.4/lib/lnx64.o/libtcl8.5.so(+0x331f5) [0x7f25b2c351f5]
/software/xilinx-2015/Vivado/2015.4/lib/lnx64.o/libtcl8.5.so(+0x76bbe) [0x7f25b2c78bbe]
/software/xilinx-2015/Vivado/2015.4/lib/lnx64.o/libtcl8.5.so(+0x7e767) [0x7f25b2c80767]
/software/xilinx-2015/Vivado/2015.4/lib/lnx64.o/libtcl8.5.so(TclEvalObjEx+0x77) [0x7f25b2c37327]
/software/xilinx-2015/Vivado/2015.4/lib/lnx64.o/librdi_commontasks.so(+0x2a2187) [0x7f25a8e3d187]
/software/xilinx-2015/Vivado/2015.4/lib/lnx64.o/libtcl8.5.so(+0x331f5) [0x7f25b2c351f5]
/software/xilinx-2015/Vivado/2015.4/lib/lnx64.o/libtcl8.5.so(+0x76bbe) [0x7f25b2c78bbe]
/software/xilinx-2015/Vivado/2015.4/lib/lnx64.o/libtcl8.5.so(Tcl_ExprObj+0xfb) [0x7f25b2c8033b]
/software/xilinx-2015/Vivado/2015.4/lib/lnx64.o/libtcl8.5.so(Tcl_ExprBooleanObj+0x16) [0x7f25b2c360c6]
/software/xilinx-2015/Vivado/2015.4/lib/lnx64.o/libtcl8.5.so(+0x3eae8) [0x7f25b2c40ae8]
/software/xilinx-2015/Vivado/2015.4/lib/lnx64.o/libtcl8.5.so(+0x331f5) [0x7f25b2c351f5]
/software/xilinx-2015/Vivado/2015.4/lib/lnx64.o/libtcl8.5.so(+0x34d6b) [0x7f25b2c36d6b]
/software/xilinx-2015/Vivado/2015.4/lib/lnx64.o/libtcl8.5.so(Tcl_EvalEx+0x16) [0x7f25b2c37276]
/software/xilinx-2015/Vivado/2015.4/lib/lnx64.o/libtcl8.5.so(Tcl_FSEvalFileEx+0x1d2) [0x7f25b2c9bd02]
/software/xilinx-2015/Vivado/2015.4/lib/lnx64.o/librdi_commontasks.so(+0x2bf325) [0x7f25a8e5a325]
/software/xilinx-2015/Vivado/2015.4/lib/lnx64.o/librdi_common.so(+0x5478a2) [0x7f25b7b5e8a2]
/software/xilinx-2015/Vivado/2015.4/lib/lnx64.o/libtcl8.5.so(+0x331f5) [0x7f25b2c351f5]
/software/xilinx-2015/Vivado/2015.4/lib/lnx64.o/libtcl8.5.so(+0x76bbe) [0x7f25b2c78bbe]
/software/xilinx-2015/Vivado/2015.4/lib/lnx64.o/libtcl8.5.so(+0x7e767) [0x7f25b2c80767]
/software/xilinx-2015/Vivado/2015.4/lib/lnx64.o/libtcl8.5.so(TclEvalObjEx+0x77) [0x7f25b2c37327]
/software/xilinx-2015/Vivado/2015.4/lib/lnx64.o/libtcl8.5.so(+0xb740f) [0x7f25b2cb940f]
/software/xilinx-2015/Vivado/2015.4/lib/lnx64.o/libtcl8.5.so(+0x331f5) [0x7f25b2c351f5]
/software/xilinx-2015/Vivado/2015.4/lib/lnx64.o/libtcl8.5.so(+0x76bbe) [0x7f25b2c78bbe]
/software/xilinx-2015/Vivado/2015.4/lib/lnx64.o/libtcl8.5.so(+0x7e767) [0x7f25b2c80767]
/software/xilinx-2015/Vivado/2015.4/lib/lnx64.o/libtcl8.5.so(TclEvalObjEx+0x77) [0x7f25b2c37327]
/software/xilinx-2015/Vivado/2015.4/lib/lnx64.o/librdi_commontasks.so(+0x2a2224) [0x7f25a8e3d224]
/software/xilinx-2015/Vivado/2015.4/lib/lnx64.o/libtcl8.5.so(+0x331f5) [0x7f25b2c351f5]
/software/xilinx-2015/Vivado/2015.4/lib/lnx64.o/libtcl8.5.so(+0x34d6b) [0x7f25b2c36d6b]
/software/xilinx-2015/Vivado/2015.4/lib/lnx64.o/libtcl8.5.so(+0xad531) [0x7f25b2caf531]
/software/xilinx-2015/Vivado/2015.4/lib/lnx64.o/libtcl8.5.so(+0x3491c) [0x7f25b2c3691c]
/software/xilinx-2015/Vivado/2015.4/lib/lnx64.o/libtcl8.5.so(Tcl_EvalEx+0x16) [0x7f25b2c37276]
/software/xilinx-2015/Vivado/2015.4/lib/lnx64.o/libtcl8.5.so(Tcl_FSEvalFileEx+0x1d2) [0x7f25b2c9bd02]
/software/xilinx-2015/Vivado/2015.4/lib/lnx64.o/librdi_commontasks.so(+0x2bf325) [0x7f25a8e5a325]
/software/xilinx-2015/Vivado/2015.4/lib/lnx64.o/librdi_common.so(+0x5478a2) [0x7f25b7b5e8a2]
/software/xilinx-2015/Vivado/2015.4/lib/lnx64.o/libtcl8.5.so(+0x331f5) [0x7f25b2c351f5]
/software/xilinx-2015/Vivado/2015.4/lib/lnx64.o/libtcl8.5.so(Tcl_EvalObjv+0x32) [0x7f25b2c357e2]
/software/xilinx-2015/Vivado/2015.4/lib/lnx64.o/libtcl8.5.so(TclEvalObjEx+0x322) [0x7f25b2c375d2]
/software/xilinx-2015/Vivado/2015.4/lib/lnx64.o/librdi_common.so(hdi::tcltasks::task_manager::eval_in_tcl(Tcl_Interp*, Tcl_Obj*, char const*, bool)+0x84d) [0x7f25b7b602dd]
/software/xilinx-2015/Vivado/2015.4/lib/lnx64.o/librdi_designutils.so(HRTInvoker::inProcessLaunch(HDGUIStatus&)+0x1c9) [0x7f259f5b49f9]
/software/xilinx-2015/Vivado/2015.4/lib/lnx64.o/librdi_designutils.so(HRTInvoker::launch(HDGUIStatus&)+0x4b5) [0x7f259f5b5755]
/software/xilinx-2015/Vivado/2015.4/lib/lnx64.o/librdi_vivadotasks.so(+0x358778) [0x7f2583904778]
/software/xilinx-2015/Vivado/2015.4/lib/lnx64.o/librdi_vivadotasks.so(+0x35f5b0) [0x7f258390b5b0]
/software/xilinx-2015/Vivado/2015.4/lib/lnx64.o/librdi_common.so(+0x5478a2) [0x7f25b7b5e8a2]
/software/xilinx-2015/Vivado/2015.4/lib/lnx64.o/libtcl8.5.so(+0x331f5) [0x7f25b2c351f5]
/software/xilinx-2015/Vivado/2015.4/lib/lnx64.o/libtcl8.5.so(+0x34d6b) [0x7f25b2c36d6b]
/software/xilinx-2015/Vivado/2015.4/lib/lnx64.o/libtcl8.5.so(Tcl_EvalEx+0x16) [0x7f25b2c37276]
/software/xilinx-2015/Vivado/2015.4/lib/lnx64.o/libtcl8.5.so(Tcl_FSEvalFileEx+0x1d2) [0x7f25b2c9bd02]
/software/xilinx-2015/Vivado/2015.4/lib/lnx64.o/librdi_commontasks.so(+0x2bf325) [0x7f25a8e5a325]
/software/xilinx-2015/Vivado/2015.4/lib/lnx64.o/librdi_common.so(+0x5478a2) [0x7f25b7b5e8a2]
/software/xilinx-2015/Vivado/2015.4/lib/lnx64.o/libtcl8.5.so(+0x331f5) [0x7f25b2c351f5]
/software/xilinx-2015/Vivado/2015.4/lib/lnx64.o/libtcl8.5.so(Tcl_EvalObjv+0x32) [0x7f25b2c357e2]
/software/xilinx-2015/Vivado/2015.4/lib/lnx64.o/libtcl8.5.so(TclEvalObjEx+0x322) [0x7f25b2c375d2]
/software/xilinx-2015/Vivado/2015.4/lib/lnx64.o/librdi_commontasks.so(+0x2dd3d9) [0x7f25a8e783d9]
/software/xilinx-2015/Vivado/2015.4/lib/lnx64.o/librdi_commontasks.so(+0x2d64d3) [0x7f25a8e714d3]
/software/xilinx-2015/Vivado/2015.4/lib/lnx64.o/librdi_common.so(+0x5478a2) [0x7f25b7b5e8a2]
/software/xilinx-2015/Vivado/2015.4/lib/lnx64.o/libtcl8.5.so(+0x331f5) [0x7f25b2c351f5]
/software/xilinx-2015/Vivado/2015.4/lib/lnx64.o/libtcl8.5.so(Tcl_EvalObjv+0x32) [0x7f25b2c357e2]
/software/xilinx-2015/Vivado/2015.4/lib/lnx64.o/libtcl8.5.so(TclEvalObjEx+0x322) [0x7f25b2c375d2]
/software/xilinx-2015/Vivado/2015.4/lib/lnx64.o/librdi_commonmain.so(+0x5f00) [0x7f25b7412f00]
/software/xilinx-2015/Vivado/2015.4/lib/lnx64.o/libtcl8.5.so(Tcl_Main+0x1d5) [0x7f25b2ca2175]
/software/xilinx-2015/Vivado/2015.4/lib/lnx64.o/librdi_common.so(+0x580749) [0x7f25b7b97749]
/lib64/libpthread.so.0(+0x7dd5) [0x7f25b6611dd5]
/lib64/libc.so.6(clone+0x6d) [0x7f25b6c25ead]
