#
# An unexpected error has occurred (6)
#
Stack:
/lib64/libc.so.6(+0x36280) [0x7fd90609f280]
/lib64/libc.so.6(gsignal+0x37) [0x7fd90609f207]
/lib64/libc.so.6(abort+0x148) [0x7fd9060a08f8]
/lib64/libc.so.6(+0x2f026) [0x7fd906098026]
/lib64/libc.so.6(+0x2f0d2) [0x7fd9060980d2]
/software/xilinx-2015/Vivado/2015.4/lib/lnx64.o/librdi_synth.so(GDpGen::implementDivMod(DFNode*, bool)+0x880) [0x7fd8d6641520]
/software/xilinx-2015/Vivado/2015.4/lib/lnx64.o/librdi_synth.so(GDpGen::implementBinary(DFNode*, bool)+0xcb) [0x7fd8d62b9d3b]
/software/xilinx-2015/Vivado/2015.4/lib/lnx64.o/librdi_synth.so(GDpGen::implement(DFNode*, bool)+0x8f) [0x7fd8d62b9edf]
/software/xilinx-2015/Vivado/2015.4/lib/lnx64.o/librdi_synth.so(GDpGen::connectNode(DFNode*)+0x19b) [0x7fd8d629b81b]
/software/xilinx-2015/Vivado/2015.4/lib/lnx64.o/librdi_synth.so(HSynMod::connectInputPin(SPinArray*, DFPin*)+0x257) [0x7fd8d6586f17]
/software/xilinx-2015/Vivado/2015.4/lib/lnx64.o/librdi_synth.so(HSynMod::connectInputPin(DFPin*)+0x5d) [0x7fd8d658711d]
/software/xilinx-2015/Vivado/2015.4/lib/lnx64.o/librdi_synth.so(HSynMod::connectNets()+0x34) [0x7fd8d65881e4]
/software/xilinx-2015/Vivado/2015.4/lib/lnx64.o/librdi_synth.so(GDpGen::regenerate(bool, bool)+0x65) [0x7fd8d629ad45]
/software/xilinx-2015/Vivado/2015.4/lib/lnx64.o/librdi_synth.so(HARTGDpGen::regenerate(bool, bool)+0x120) [0x7fd8d5dd30b0]
/software/xilinx-2015/Vivado/2015.4/lib/lnx64.o/librdi_synth.so(GDpGen::generate(bool)+0x24d) [0x7fd8d629b4ed]
/software/xilinx-2015/Vivado/2015.4/lib/lnx64.o/librdi_synth.so(GDp::GDp(NRealMod, DFGraph*, bool)+0x27) [0x7fd8d6654377]
/software/xilinx-2015/Vivado/2015.4/lib/lnx64.o/librdi_synth.so(HSynMod::createGraph(DFNode*, bool)+0x1259) [0x7fd8d6576719]
/software/xilinx-2015/Vivado/2015.4/lib/lnx64.o/librdi_synth.so(HSynMod::connectGraph(DFNode*)+0x10f) [0x7fd8d658855f]
/software/xilinx-2015/Vivado/2015.4/lib/lnx64.o/librdi_synth.so(HSynMod::connectInputPin(SPinArray*, DFPin*)+0x257) [0x7fd8d6586f17]
/software/xilinx-2015/Vivado/2015.4/lib/lnx64.o/librdi_synth.so(HSynMod::connectGraph(DFNode*)+0xb1) [0x7fd8d6588501]
/software/xilinx-2015/Vivado/2015.4/lib/lnx64.o/librdi_synth.so(HSynMod::connectInputPin(SPinArray*, DFPin*)+0x257) [0x7fd8d6586f17]
/software/xilinx-2015/Vivado/2015.4/lib/lnx64.o/librdi_synth.so(HSynMod::connectGraph(DFNode*)+0xb1) [0x7fd8d6588501]
/software/xilinx-2015/Vivado/2015.4/lib/lnx64.o/librdi_synth.so(HSynMod::connectInputPin(SPinArray*, DFPin*)+0x257) [0x7fd8d6586f17]
/software/xilinx-2015/Vivado/2015.4/lib/lnx64.o/librdi_synth.so(HSynMod::connectGraph(DFNode*)+0xb1) [0x7fd8d6588501]
/software/xilinx-2015/Vivado/2015.4/lib/lnx64.o/librdi_synth.so(HSynMod::connectInputPin(SPinArray*, DFPin*)+0x257) [0x7fd8d6586f17]
/software/xilinx-2015/Vivado/2015.4/lib/lnx64.o/librdi_synth.so(HSynMod::connectGraph(DFNode*)+0xb1) [0x7fd8d6588501]
/software/xilinx-2015/Vivado/2015.4/lib/lnx64.o/librdi_synth.so(HSynMod::connectInputPin(SPinArray*, DFPin*)+0x257) [0x7fd8d6586f17]
/software/xilinx-2015/Vivado/2015.4/lib/lnx64.o/librdi_synth.so(HSynMod::connectInputPin(DFPin*)+0x5d) [0x7fd8d658711d]
/software/xilinx-2015/Vivado/2015.4/lib/lnx64.o/librdi_synth.so(HSynMod::connectNets()+0x34) [0x7fd8d65881e4]
/software/xilinx-2015/Vivado/2015.4/lib/lnx64.o/librdi_synth.so(HSynMod::regenerate(bool)+0x24) [0x7fd8d65830b4]
/software/xilinx-2015/Vivado/2015.4/lib/lnx64.o/librdi_synth.so(GSyn::generateFpga(NRealMod, bool)+0x54e) [0x7fd8d6296d4e]
/software/xilinx-2015/Vivado/2015.4/lib/lnx64.o/librdi_synth.so(GSyn::generate(NRealMod, bool)+0x3a8) [0x7fd8d6297418]
/software/xilinx-2015/Vivado/2015.4/lib/lnx64.o/librdi_synth.so(NRealMod::regenerate(bool)+0x25) [0x7fd8d6297495]
/software/xilinx-2015/Vivado/2015.4/lib/lnx64.o/librdi_synth.so(HARTNDb::HARTMergeResynPartitionsR(NRealMod, HARTNDb::MergePhase)+0x2308) [0x7fd8d5b5fcb8]
/software/xilinx-2015/Vivado/2015.4/lib/lnx64.o/librdi_synth.so(HARTNDb::HARTMergeResynPartitions(NRealMod, HARTNDb::MergePhase)+0x22e) [0x7fd8d5b60bbe]
/software/xilinx-2015/Vivado/2015.4/lib/lnx64.o/librdi_synth.so(HARTNDb::reSynthReInfer(bool)+0x6e) [0x7fd8d5b60cce]
/software/xilinx-2015/Vivado/2015.4/lib/lnx64.o/librdi_synth.so(+0xb9a6aa) [0x7fd8d5ce26aa]
/software/xilinx-2015/Vivado/2015.4/lib/lnx64.o/librdi_synth.so(+0xab3e25) [0x7fd8d5bfbe25]
/software/xilinx-2015/Vivado/2015.4/lib/lnx64.o/libtcl8.5.so(+0x331f5) [0x7fd9021761f5]
/software/xilinx-2015/Vivado/2015.4/lib/lnx64.o/libtcl8.5.so(+0x34d6b) [0x7fd902177d6b]
/software/xilinx-2015/Vivado/2015.4/lib/lnx64.o/libtcl8.5.so(Tcl_EvalEx+0x16) [0x7fd902178276]
/software/xilinx-2015/Vivado/2015.4/lib/lnx64.o/libtcl8.5.so(TclEvalObjEx+0x213) [0x7fd9021784c3]
/software/xilinx-2015/Vivado/2015.4/lib/lnx64.o/libtcl8.5.so(+0x3b745) [0x7fd90217e745]
/software/xilinx-2015/Vivado/2015.4/lib/lnx64.o/libtcl8.5.so(+0x331f5) [0x7fd9021761f5]
/software/xilinx-2015/Vivado/2015.4/lib/lnx64.o/libtcl8.5.so(+0x76bbe) [0x7fd9021b9bbe]
/software/xilinx-2015/Vivado/2015.4/lib/lnx64.o/libtcl8.5.so(+0x7e767) [0x7fd9021c1767]
/software/xilinx-2015/Vivado/2015.4/lib/lnx64.o/libtcl8.5.so(TclEvalObjEx+0x77) [0x7fd902178327]
/software/xilinx-2015/Vivado/2015.4/lib/lnx64.o/librdi_commontasks.so(+0x2a2187) [0x7fd8f837e187]
/software/xilinx-2015/Vivado/2015.4/lib/lnx64.o/libtcl8.5.so(+0x331f5) [0x7fd9021761f5]
/software/xilinx-2015/Vivado/2015.4/lib/lnx64.o/libtcl8.5.so(+0x76bbe) [0x7fd9021b9bbe]
/software/xilinx-2015/Vivado/2015.4/lib/lnx64.o/libtcl8.5.so(TclObjInterpProcCore+0x2fb) [0x7fd9021fab8b]
/software/xilinx-2015/Vivado/2015.4/lib/lnx64.o/libtcl8.5.so(+0x331f5) [0x7fd9021761f5]
/software/xilinx-2015/Vivado/2015.4/lib/lnx64.o/libtcl8.5.so(+0x76bbe) [0x7fd9021b9bbe]
/software/xilinx-2015/Vivado/2015.4/lib/lnx64.o/libtcl8.5.so(TclObjInterpProcCore+0x2fb) [0x7fd9021fab8b]
/software/xilinx-2015/Vivado/2015.4/lib/lnx64.o/libtcl8.5.so(+0x331f5) [0x7fd9021761f5]
/software/xilinx-2015/Vivado/2015.4/lib/lnx64.o/libtcl8.5.so(+0x76bbe) [0x7fd9021b9bbe]
/software/xilinx-2015/Vivado/2015.4/lib/lnx64.o/libtcl8.5.so(+0x7e767) [0x7fd9021c1767]
/software/xilinx-2015/Vivado/2015.4/lib/lnx64.o/libtcl8.5.so(TclEvalObjEx+0x77) [0x7fd902178327]
/software/xilinx-2015/Vivado/2015.4/lib/lnx64.o/librdi_commontasks.so(+0x2a2187) [0x7fd8f837e187]
/software/xilinx-2015/Vivado/2015.4/lib/lnx64.o/libtcl8.5.so(+0x331f5) [0x7fd9021761f5]
/software/xilinx-2015/Vivado/2015.4/lib/lnx64.o/libtcl8.5.so(+0x76bbe) [0x7fd9021b9bbe]
/software/xilinx-2015/Vivado/2015.4/lib/lnx64.o/libtcl8.5.so(Tcl_ExprObj+0xfb) [0x7fd9021c133b]
/software/xilinx-2015/Vivado/2015.4/lib/lnx64.o/libtcl8.5.so(Tcl_ExprBooleanObj+0x16) [0x7fd9021770c6]
/software/xilinx-2015/Vivado/2015.4/lib/lnx64.o/libtcl8.5.so(+0x3eae8) [0x7fd902181ae8]
/software/xilinx-2015/Vivado/2015.4/lib/lnx64.o/libtcl8.5.so(+0x331f5) [0x7fd9021761f5]
/software/xilinx-2015/Vivado/2015.4/lib/lnx64.o/libtcl8.5.so(+0x34d6b) [0x7fd902177d6b]
/software/xilinx-2015/Vivado/2015.4/lib/lnx64.o/libtcl8.5.so(Tcl_EvalEx+0x16) [0x7fd902178276]
/software/xilinx-2015/Vivado/2015.4/lib/lnx64.o/libtcl8.5.so(Tcl_FSEvalFileEx+0x1d2) [0x7fd9021dcd02]
/software/xilinx-2015/Vivado/2015.4/lib/lnx64.o/librdi_commontasks.so(+0x2bf325) [0x7fd8f839b325]
/software/xilinx-2015/Vivado/2015.4/lib/lnx64.o/librdi_common.so(+0x5478a2) [0x7fd90709f8a2]
/software/xilinx-2015/Vivado/2015.4/lib/lnx64.o/libtcl8.5.so(+0x331f5) [0x7fd9021761f5]
/software/xilinx-2015/Vivado/2015.4/lib/lnx64.o/libtcl8.5.so(+0x76bbe) [0x7fd9021b9bbe]
/software/xilinx-2015/Vivado/2015.4/lib/lnx64.o/libtcl8.5.so(+0x7e767) [0x7fd9021c1767]
/software/xilinx-2015/Vivado/2015.4/lib/lnx64.o/libtcl8.5.so(TclEvalObjEx+0x77) [0x7fd902178327]
/software/xilinx-2015/Vivado/2015.4/lib/lnx64.o/libtcl8.5.so(+0xb740f) [0x7fd9021fa40f]
/software/xilinx-2015/Vivado/2015.4/lib/lnx64.o/libtcl8.5.so(+0x331f5) [0x7fd9021761f5]
/software/xilinx-2015/Vivado/2015.4/lib/lnx64.o/libtcl8.5.so(+0x76bbe) [0x7fd9021b9bbe]
/software/xilinx-2015/Vivado/2015.4/lib/lnx64.o/libtcl8.5.so(+0x7e767) [0x7fd9021c1767]
/software/xilinx-2015/Vivado/2015.4/lib/lnx64.o/libtcl8.5.so(TclEvalObjEx+0x77) [0x7fd902178327]
/software/xilinx-2015/Vivado/2015.4/lib/lnx64.o/librdi_commontasks.so(+0x2a2224) [0x7fd8f837e224]
/software/xilinx-2015/Vivado/2015.4/lib/lnx64.o/libtcl8.5.so(+0x331f5) [0x7fd9021761f5]
/software/xilinx-2015/Vivado/2015.4/lib/lnx64.o/libtcl8.5.so(+0x34d6b) [0x7fd902177d6b]
/software/xilinx-2015/Vivado/2015.4/lib/lnx64.o/libtcl8.5.so(+0xad531) [0x7fd9021f0531]
/software/xilinx-2015/Vivado/2015.4/lib/lnx64.o/libtcl8.5.so(+0x3491c) [0x7fd90217791c]
/software/xilinx-2015/Vivado/2015.4/lib/lnx64.o/libtcl8.5.so(Tcl_EvalEx+0x16) [0x7fd902178276]
/software/xilinx-2015/Vivado/2015.4/lib/lnx64.o/libtcl8.5.so(Tcl_FSEvalFileEx+0x1d2) [0x7fd9021dcd02]
/software/xilinx-2015/Vivado/2015.4/lib/lnx64.o/librdi_commontasks.so(+0x2bf325) [0x7fd8f839b325]
/software/xilinx-2015/Vivado/2015.4/lib/lnx64.o/librdi_common.so(+0x5478a2) [0x7fd90709f8a2]
/software/xilinx-2015/Vivado/2015.4/lib/lnx64.o/libtcl8.5.so(+0x331f5) [0x7fd9021761f5]
/software/xilinx-2015/Vivado/2015.4/lib/lnx64.o/libtcl8.5.so(Tcl_EvalObjv+0x32) [0x7fd9021767e2]
/software/xilinx-2015/Vivado/2015.4/lib/lnx64.o/libtcl8.5.so(TclEvalObjEx+0x322) [0x7fd9021785d2]
/software/xilinx-2015/Vivado/2015.4/lib/lnx64.o/librdi_common.so(hdi::tcltasks::task_manager::eval_in_tcl(Tcl_Interp*, Tcl_Obj*, char const*, bool)+0x84d) [0x7fd9070a12dd]
/software/xilinx-2015/Vivado/2015.4/lib/lnx64.o/librdi_designutils.so(HRTInvoker::inProcessLaunch(HDGUIStatus&)+0x1c9) [0x7fd8eeaf59f9]
/software/xilinx-2015/Vivado/2015.4/lib/lnx64.o/librdi_designutils.so(HRTInvoker::launch(HDGUIStatus&)+0x4b5) [0x7fd8eeaf6755]
/software/xilinx-2015/Vivado/2015.4/lib/lnx64.o/librdi_vivadotasks.so(+0x358778) [0x7fd8d2e45778]
/software/xilinx-2015/Vivado/2015.4/lib/lnx64.o/librdi_vivadotasks.so(+0x35f5b0) [0x7fd8d2e4c5b0]
/software/xilinx-2015/Vivado/2015.4/lib/lnx64.o/librdi_common.so(+0x5478a2) [0x7fd90709f8a2]
/software/xilinx-2015/Vivado/2015.4/lib/lnx64.o/libtcl8.5.so(+0x331f5) [0x7fd9021761f5]
/software/xilinx-2015/Vivado/2015.4/lib/lnx64.o/libtcl8.5.so(+0x34d6b) [0x7fd902177d6b]
/software/xilinx-2015/Vivado/2015.4/lib/lnx64.o/libtcl8.5.so(Tcl_EvalEx+0x16) [0x7fd902178276]
/software/xilinx-2015/Vivado/2015.4/lib/lnx64.o/libtcl8.5.so(Tcl_FSEvalFileEx+0x1d2) [0x7fd9021dcd02]
/software/xilinx-2015/Vivado/2015.4/lib/lnx64.o/librdi_commontasks.so(+0x2bf325) [0x7fd8f839b325]
/software/xilinx-2015/Vivado/2015.4/lib/lnx64.o/librdi_common.so(+0x5478a2) [0x7fd90709f8a2]
/software/xilinx-2015/Vivado/2015.4/lib/lnx64.o/libtcl8.5.so(+0x331f5) [0x7fd9021761f5]
/software/xilinx-2015/Vivado/2015.4/lib/lnx64.o/libtcl8.5.so(Tcl_EvalObjv+0x32) [0x7fd9021767e2]
/software/xilinx-2015/Vivado/2015.4/lib/lnx64.o/libtcl8.5.so(TclEvalObjEx+0x322) [0x7fd9021785d2]
/software/xilinx-2015/Vivado/2015.4/lib/lnx64.o/librdi_commontasks.so(+0x2dd3d9) [0x7fd8f83b93d9]
/software/xilinx-2015/Vivado/2015.4/lib/lnx64.o/librdi_commontasks.so(+0x2d64d3) [0x7fd8f83b24d3]
/software/xilinx-2015/Vivado/2015.4/lib/lnx64.o/librdi_common.so(+0x5478a2) [0x7fd90709f8a2]
/software/xilinx-2015/Vivado/2015.4/lib/lnx64.o/libtcl8.5.so(+0x331f5) [0x7fd9021761f5]
/software/xilinx-2015/Vivado/2015.4/lib/lnx64.o/libtcl8.5.so(Tcl_EvalObjv+0x32) [0x7fd9021767e2]
/software/xilinx-2015/Vivado/2015.4/lib/lnx64.o/libtcl8.5.so(TclEvalObjEx+0x322) [0x7fd9021785d2]
/software/xilinx-2015/Vivado/2015.4/lib/lnx64.o/librdi_commonmain.so(+0x5f00) [0x7fd906953f00]
/software/xilinx-2015/Vivado/2015.4/lib/lnx64.o/libtcl8.5.so(Tcl_Main+0x1d5) [0x7fd9021e3175]
/software/xilinx-2015/Vivado/2015.4/lib/lnx64.o/librdi_common.so(+0x580749) [0x7fd9070d8749]
/lib64/libpthread.so.0(+0x7dd5) [0x7fd905b52dd5]
/lib64/libc.so.6(clone+0x6d) [0x7fd906166ead]
