#
# An unexpected error has occurred (6)
#
Stack:
/lib64/libc.so.6(+0x36280) [0x7fcbea3e1280]
/lib64/libc.so.6(gsignal+0x37) [0x7fcbea3e1207]
/lib64/libc.so.6(abort+0x148) [0x7fcbea3e28f8]
/lib64/libc.so.6(+0x2f026) [0x7fcbea3da026]
/lib64/libc.so.6(+0x2f0d2) [0x7fcbea3da0d2]
/software/xilinx-2015/Vivado/2015.4/lib/lnx64.o/librdi_synth.so(GDpGen::implementDivMod(DFNode*, bool)+0x880) [0x7fcbba983520]
/software/xilinx-2015/Vivado/2015.4/lib/lnx64.o/librdi_synth.so(GDpGen::implementBinary(DFNode*, bool)+0xcb) [0x7fcbba5fbd3b]
/software/xilinx-2015/Vivado/2015.4/lib/lnx64.o/librdi_synth.so(GDpGen::implement(DFNode*, bool)+0x8f) [0x7fcbba5fbedf]
/software/xilinx-2015/Vivado/2015.4/lib/lnx64.o/librdi_synth.so(GDpGen::connectNode(DFNode*)+0x19b) [0x7fcbba5dd81b]
/software/xilinx-2015/Vivado/2015.4/lib/lnx64.o/librdi_synth.so(HSynMod::connectInputPin(SPinArray*, DFPin*)+0x257) [0x7fcbba8c8f17]
/software/xilinx-2015/Vivado/2015.4/lib/lnx64.o/librdi_synth.so(HSynMod::connectInputPin(DFPin*)+0x5d) [0x7fcbba8c911d]
/software/xilinx-2015/Vivado/2015.4/lib/lnx64.o/librdi_synth.so(HSynMod::connectNets()+0x34) [0x7fcbba8ca1e4]
/software/xilinx-2015/Vivado/2015.4/lib/lnx64.o/librdi_synth.so(GDpGen::regenerate(bool, bool)+0x65) [0x7fcbba5dcd45]
/software/xilinx-2015/Vivado/2015.4/lib/lnx64.o/librdi_synth.so(HARTGDpGen::regenerate(bool, bool)+0x120) [0x7fcbba1150b0]
/software/xilinx-2015/Vivado/2015.4/lib/lnx64.o/librdi_synth.so(GDpGen::generate(bool)+0x24d) [0x7fcbba5dd4ed]
/software/xilinx-2015/Vivado/2015.4/lib/lnx64.o/librdi_synth.so(GDp::GDp(NRealMod, DFGraph*, bool)+0x27) [0x7fcbba996377]
/software/xilinx-2015/Vivado/2015.4/lib/lnx64.o/librdi_synth.so(HSynMod::createGraph(DFNode*, bool)+0x1259) [0x7fcbba8b8719]
/software/xilinx-2015/Vivado/2015.4/lib/lnx64.o/librdi_synth.so(HSynMod::connectGraph(DFNode*)+0x10f) [0x7fcbba8ca55f]
/software/xilinx-2015/Vivado/2015.4/lib/lnx64.o/librdi_synth.so(HSynMod::connectInputPin(SPinArray*, DFPin*)+0x257) [0x7fcbba8c8f17]
/software/xilinx-2015/Vivado/2015.4/lib/lnx64.o/librdi_synth.so(HSynMod::connectGraph(DFNode*)+0xb1) [0x7fcbba8ca501]
/software/xilinx-2015/Vivado/2015.4/lib/lnx64.o/librdi_synth.so(HSynMod::connectInputPin(SPinArray*, DFPin*)+0x257) [0x7fcbba8c8f17]
/software/xilinx-2015/Vivado/2015.4/lib/lnx64.o/librdi_synth.so(HSynMod::connectGraph(DFNode*)+0xb1) [0x7fcbba8ca501]
/software/xilinx-2015/Vivado/2015.4/lib/lnx64.o/librdi_synth.so(HSynMod::connectInputPin(SPinArray*, DFPin*)+0x257) [0x7fcbba8c8f17]
/software/xilinx-2015/Vivado/2015.4/lib/lnx64.o/librdi_synth.so(HSynMod::connectGraph(DFNode*)+0xb1) [0x7fcbba8ca501]
/software/xilinx-2015/Vivado/2015.4/lib/lnx64.o/librdi_synth.so(HSynMod::connectInputPin(SPinArray*, DFPin*)+0x257) [0x7fcbba8c8f17]
/software/xilinx-2015/Vivado/2015.4/lib/lnx64.o/librdi_synth.so(HSynMod::connectGraph(DFNode*)+0xb1) [0x7fcbba8ca501]
/software/xilinx-2015/Vivado/2015.4/lib/lnx64.o/librdi_synth.so(HSynMod::connectInputPin(SPinArray*, DFPin*)+0x257) [0x7fcbba8c8f17]
/software/xilinx-2015/Vivado/2015.4/lib/lnx64.o/librdi_synth.so(HSynMod::connectInputPin(DFPin*)+0x5d) [0x7fcbba8c911d]
/software/xilinx-2015/Vivado/2015.4/lib/lnx64.o/librdi_synth.so(HSynMod::connectNets()+0x34) [0x7fcbba8ca1e4]
/software/xilinx-2015/Vivado/2015.4/lib/lnx64.o/librdi_synth.so(HSynMod::regenerate(bool)+0x24) [0x7fcbba8c50b4]
/software/xilinx-2015/Vivado/2015.4/lib/lnx64.o/librdi_synth.so(GSyn::generateFpga(NRealMod, bool)+0x54e) [0x7fcbba5d8d4e]
/software/xilinx-2015/Vivado/2015.4/lib/lnx64.o/librdi_synth.so(GSyn::generate(NRealMod, bool)+0x3a8) [0x7fcbba5d9418]
/software/xilinx-2015/Vivado/2015.4/lib/lnx64.o/librdi_synth.so(NRealMod::regenerate(bool)+0x25) [0x7fcbba5d9495]
/software/xilinx-2015/Vivado/2015.4/lib/lnx64.o/librdi_synth.so(HARTNDb::HARTMergeResynPartitionsR(NRealMod, HARTNDb::MergePhase)+0x2308) [0x7fcbb9ea1cb8]
/software/xilinx-2015/Vivado/2015.4/lib/lnx64.o/librdi_synth.so(HARTNDb::HARTMergeResynPartitions(NRealMod, HARTNDb::MergePhase)+0x22e) [0x7fcbb9ea2bbe]
/software/xilinx-2015/Vivado/2015.4/lib/lnx64.o/librdi_synth.so(HARTNDb::reSynthReInfer(bool)+0x6e) [0x7fcbb9ea2cce]
/software/xilinx-2015/Vivado/2015.4/lib/lnx64.o/librdi_synth.so(+0xb9a6aa) [0x7fcbba0246aa]
/software/xilinx-2015/Vivado/2015.4/lib/lnx64.o/librdi_synth.so(+0xab3e25) [0x7fcbb9f3de25]
/software/xilinx-2015/Vivado/2015.4/lib/lnx64.o/libtcl8.5.so(+0x331f5) [0x7fcbe64b81f5]
/software/xilinx-2015/Vivado/2015.4/lib/lnx64.o/libtcl8.5.so(+0x34d6b) [0x7fcbe64b9d6b]
/software/xilinx-2015/Vivado/2015.4/lib/lnx64.o/libtcl8.5.so(Tcl_EvalEx+0x16) [0x7fcbe64ba276]
/software/xilinx-2015/Vivado/2015.4/lib/lnx64.o/libtcl8.5.so(TclEvalObjEx+0x213) [0x7fcbe64ba4c3]
/software/xilinx-2015/Vivado/2015.4/lib/lnx64.o/libtcl8.5.so(+0x3b745) [0x7fcbe64c0745]
/software/xilinx-2015/Vivado/2015.4/lib/lnx64.o/libtcl8.5.so(+0x331f5) [0x7fcbe64b81f5]
/software/xilinx-2015/Vivado/2015.4/lib/lnx64.o/libtcl8.5.so(+0x76bbe) [0x7fcbe64fbbbe]
/software/xilinx-2015/Vivado/2015.4/lib/lnx64.o/libtcl8.5.so(+0x7e767) [0x7fcbe6503767]
/software/xilinx-2015/Vivado/2015.4/lib/lnx64.o/libtcl8.5.so(TclEvalObjEx+0x77) [0x7fcbe64ba327]
/software/xilinx-2015/Vivado/2015.4/lib/lnx64.o/librdi_commontasks.so(+0x2a2187) [0x7fcbdc6c0187]
/software/xilinx-2015/Vivado/2015.4/lib/lnx64.o/libtcl8.5.so(+0x331f5) [0x7fcbe64b81f5]
/software/xilinx-2015/Vivado/2015.4/lib/lnx64.o/libtcl8.5.so(+0x76bbe) [0x7fcbe64fbbbe]
/software/xilinx-2015/Vivado/2015.4/lib/lnx64.o/libtcl8.5.so(TclObjInterpProcCore+0x2fb) [0x7fcbe653cb8b]
/software/xilinx-2015/Vivado/2015.4/lib/lnx64.o/libtcl8.5.so(+0x331f5) [0x7fcbe64b81f5]
/software/xilinx-2015/Vivado/2015.4/lib/lnx64.o/libtcl8.5.so(+0x76bbe) [0x7fcbe64fbbbe]
/software/xilinx-2015/Vivado/2015.4/lib/lnx64.o/libtcl8.5.so(TclObjInterpProcCore+0x2fb) [0x7fcbe653cb8b]
/software/xilinx-2015/Vivado/2015.4/lib/lnx64.o/libtcl8.5.so(+0x331f5) [0x7fcbe64b81f5]
/software/xilinx-2015/Vivado/2015.4/lib/lnx64.o/libtcl8.5.so(+0x76bbe) [0x7fcbe64fbbbe]
/software/xilinx-2015/Vivado/2015.4/lib/lnx64.o/libtcl8.5.so(+0x7e767) [0x7fcbe6503767]
/software/xilinx-2015/Vivado/2015.4/lib/lnx64.o/libtcl8.5.so(TclEvalObjEx+0x77) [0x7fcbe64ba327]
/software/xilinx-2015/Vivado/2015.4/lib/lnx64.o/librdi_commontasks.so(+0x2a2187) [0x7fcbdc6c0187]
/software/xilinx-2015/Vivado/2015.4/lib/lnx64.o/libtcl8.5.so(+0x331f5) [0x7fcbe64b81f5]
/software/xilinx-2015/Vivado/2015.4/lib/lnx64.o/libtcl8.5.so(+0x76bbe) [0x7fcbe64fbbbe]
/software/xilinx-2015/Vivado/2015.4/lib/lnx64.o/libtcl8.5.so(Tcl_ExprObj+0xfb) [0x7fcbe650333b]
/software/xilinx-2015/Vivado/2015.4/lib/lnx64.o/libtcl8.5.so(Tcl_ExprBooleanObj+0x16) [0x7fcbe64b90c6]
/software/xilinx-2015/Vivado/2015.4/lib/lnx64.o/libtcl8.5.so(+0x3eae8) [0x7fcbe64c3ae8]
/software/xilinx-2015/Vivado/2015.4/lib/lnx64.o/libtcl8.5.so(+0x331f5) [0x7fcbe64b81f5]
/software/xilinx-2015/Vivado/2015.4/lib/lnx64.o/libtcl8.5.so(+0x34d6b) [0x7fcbe64b9d6b]
/software/xilinx-2015/Vivado/2015.4/lib/lnx64.o/libtcl8.5.so(Tcl_EvalEx+0x16) [0x7fcbe64ba276]
/software/xilinx-2015/Vivado/2015.4/lib/lnx64.o/libtcl8.5.so(Tcl_FSEvalFileEx+0x1d2) [0x7fcbe651ed02]
/software/xilinx-2015/Vivado/2015.4/lib/lnx64.o/librdi_commontasks.so(+0x2bf325) [0x7fcbdc6dd325]
/software/xilinx-2015/Vivado/2015.4/lib/lnx64.o/librdi_common.so(+0x5478a2) [0x7fcbeb3e18a2]
/software/xilinx-2015/Vivado/2015.4/lib/lnx64.o/libtcl8.5.so(+0x331f5) [0x7fcbe64b81f5]
/software/xilinx-2015/Vivado/2015.4/lib/lnx64.o/libtcl8.5.so(+0x76bbe) [0x7fcbe64fbbbe]
/software/xilinx-2015/Vivado/2015.4/lib/lnx64.o/libtcl8.5.so(+0x7e767) [0x7fcbe6503767]
/software/xilinx-2015/Vivado/2015.4/lib/lnx64.o/libtcl8.5.so(TclEvalObjEx+0x77) [0x7fcbe64ba327]
/software/xilinx-2015/Vivado/2015.4/lib/lnx64.o/libtcl8.5.so(+0xb740f) [0x7fcbe653c40f]
/software/xilinx-2015/Vivado/2015.4/lib/lnx64.o/libtcl8.5.so(+0x331f5) [0x7fcbe64b81f5]
/software/xilinx-2015/Vivado/2015.4/lib/lnx64.o/libtcl8.5.so(+0x76bbe) [0x7fcbe64fbbbe]
/software/xilinx-2015/Vivado/2015.4/lib/lnx64.o/libtcl8.5.so(+0x7e767) [0x7fcbe6503767]
/software/xilinx-2015/Vivado/2015.4/lib/lnx64.o/libtcl8.5.so(TclEvalObjEx+0x77) [0x7fcbe64ba327]
/software/xilinx-2015/Vivado/2015.4/lib/lnx64.o/librdi_commontasks.so(+0x2a2224) [0x7fcbdc6c0224]
/software/xilinx-2015/Vivado/2015.4/lib/lnx64.o/libtcl8.5.so(+0x331f5) [0x7fcbe64b81f5]
/software/xilinx-2015/Vivado/2015.4/lib/lnx64.o/libtcl8.5.so(+0x34d6b) [0x7fcbe64b9d6b]
/software/xilinx-2015/Vivado/2015.4/lib/lnx64.o/libtcl8.5.so(+0xad531) [0x7fcbe6532531]
/software/xilinx-2015/Vivado/2015.4/lib/lnx64.o/libtcl8.5.so(+0x3491c) [0x7fcbe64b991c]
/software/xilinx-2015/Vivado/2015.4/lib/lnx64.o/libtcl8.5.so(Tcl_EvalEx+0x16) [0x7fcbe64ba276]
/software/xilinx-2015/Vivado/2015.4/lib/lnx64.o/libtcl8.5.so(Tcl_FSEvalFileEx+0x1d2) [0x7fcbe651ed02]
/software/xilinx-2015/Vivado/2015.4/lib/lnx64.o/librdi_commontasks.so(+0x2bf325) [0x7fcbdc6dd325]
/software/xilinx-2015/Vivado/2015.4/lib/lnx64.o/librdi_common.so(+0x5478a2) [0x7fcbeb3e18a2]
/software/xilinx-2015/Vivado/2015.4/lib/lnx64.o/libtcl8.5.so(+0x331f5) [0x7fcbe64b81f5]
/software/xilinx-2015/Vivado/2015.4/lib/lnx64.o/libtcl8.5.so(Tcl_EvalObjv+0x32) [0x7fcbe64b87e2]
/software/xilinx-2015/Vivado/2015.4/lib/lnx64.o/libtcl8.5.so(TclEvalObjEx+0x322) [0x7fcbe64ba5d2]
/software/xilinx-2015/Vivado/2015.4/lib/lnx64.o/librdi_common.so(hdi::tcltasks::task_manager::eval_in_tcl(Tcl_Interp*, Tcl_Obj*, char const*, bool)+0x84d) [0x7fcbeb3e32dd]
/software/xilinx-2015/Vivado/2015.4/lib/lnx64.o/librdi_designutils.so(HRTInvoker::inProcessLaunch(HDGUIStatus&)+0x1c9) [0x7fcbd2e379f9]
/software/xilinx-2015/Vivado/2015.4/lib/lnx64.o/librdi_designutils.so(HRTInvoker::launch(HDGUIStatus&)+0x4b5) [0x7fcbd2e38755]
/software/xilinx-2015/Vivado/2015.4/lib/lnx64.o/librdi_vivadotasks.so(+0x358778) [0x7fcbb7187778]
/software/xilinx-2015/Vivado/2015.4/lib/lnx64.o/librdi_vivadotasks.so(+0x35f5b0) [0x7fcbb718e5b0]
/software/xilinx-2015/Vivado/2015.4/lib/lnx64.o/librdi_common.so(+0x5478a2) [0x7fcbeb3e18a2]
/software/xilinx-2015/Vivado/2015.4/lib/lnx64.o/libtcl8.5.so(+0x331f5) [0x7fcbe64b81f5]
/software/xilinx-2015/Vivado/2015.4/lib/lnx64.o/libtcl8.5.so(+0x34d6b) [0x7fcbe64b9d6b]
/software/xilinx-2015/Vivado/2015.4/lib/lnx64.o/libtcl8.5.so(Tcl_EvalEx+0x16) [0x7fcbe64ba276]
/software/xilinx-2015/Vivado/2015.4/lib/lnx64.o/libtcl8.5.so(Tcl_FSEvalFileEx+0x1d2) [0x7fcbe651ed02]
/software/xilinx-2015/Vivado/2015.4/lib/lnx64.o/librdi_commontasks.so(+0x2bf325) [0x7fcbdc6dd325]
/software/xilinx-2015/Vivado/2015.4/lib/lnx64.o/librdi_common.so(+0x5478a2) [0x7fcbeb3e18a2]
/software/xilinx-2015/Vivado/2015.4/lib/lnx64.o/libtcl8.5.so(+0x331f5) [0x7fcbe64b81f5]
/software/xilinx-2015/Vivado/2015.4/lib/lnx64.o/libtcl8.5.so(Tcl_EvalObjv+0x32) [0x7fcbe64b87e2]
/software/xilinx-2015/Vivado/2015.4/lib/lnx64.o/libtcl8.5.so(TclEvalObjEx+0x322) [0x7fcbe64ba5d2]
/software/xilinx-2015/Vivado/2015.4/lib/lnx64.o/librdi_commontasks.so(+0x2dd3d9) [0x7fcbdc6fb3d9]
/software/xilinx-2015/Vivado/2015.4/lib/lnx64.o/librdi_commontasks.so(+0x2d64d3) [0x7fcbdc6f44d3]
/software/xilinx-2015/Vivado/2015.4/lib/lnx64.o/librdi_common.so(+0x5478a2) [0x7fcbeb3e18a2]
/software/xilinx-2015/Vivado/2015.4/lib/lnx64.o/libtcl8.5.so(+0x331f5) [0x7fcbe64b81f5]
/software/xilinx-2015/Vivado/2015.4/lib/lnx64.o/libtcl8.5.so(Tcl_EvalObjv+0x32) [0x7fcbe64b87e2]
/software/xilinx-2015/Vivado/2015.4/lib/lnx64.o/libtcl8.5.so(TclEvalObjEx+0x322) [0x7fcbe64ba5d2]
/software/xilinx-2015/Vivado/2015.4/lib/lnx64.o/librdi_commonmain.so(+0x5f00) [0x7fcbeac95f00]
/software/xilinx-2015/Vivado/2015.4/lib/lnx64.o/libtcl8.5.so(Tcl_Main+0x1d5) [0x7fcbe6525175]
/software/xilinx-2015/Vivado/2015.4/lib/lnx64.o/librdi_common.so(+0x580749) [0x7fcbeb41a749]
/lib64/libpthread.so.0(+0x7dd5) [0x7fcbe9e94dd5]
/lib64/libc.so.6(clone+0x6d) [0x7fcbea4a8ead]
